<?xml version="1.0" encoding="UTF-8"?>
<coverage generated="1605551443593" clover="3.2.0">
  <project timestamp="1605551443594" name="All files">
    <metrics statements="416" coveredstatements="363" conditionals="178" coveredconditionals="156" methods="40" coveredmethods="31" elements="634" coveredelements="550" complexity="0" loc="416" ncloc="416" packages="3" files="6" classes="6"/>
    <package name="server">
      <metrics statements="363" coveredstatements="310" conditionals="178" coveredconditionals="156" methods="38" coveredmethods="29"/>
      <file name="app.js" path="/home/zyad/Desktop/321PROJECT/CPEN-321-Location-App/backend/server/app.js">
        <metrics statements="363" coveredstatements="310" conditionals="178" coveredconditionals="156" methods="38" coveredmethods="29"/>
        <line num="1" count="4" type="stmt"/>
        <line num="2" count="4" type="stmt"/>
        <line num="3" count="4" type="stmt"/>
        <line num="4" count="4" type="stmt"/>
        <line num="5" count="4" type="stmt"/>
        <line num="7" count="4" type="stmt"/>
        <line num="8" count="4" type="stmt"/>
        <line num="9" count="4" type="stmt"/>
        <line num="11" count="4" type="stmt"/>
        <line num="12" count="4" type="stmt"/>
        <line num="16" count="130" type="stmt"/>
        <line num="21" count="130" type="stmt"/>
        <line num="28" count="4" type="stmt"/>
        <line num="33" count="4" type="stmt"/>
        <line num="35" count="4" type="stmt"/>
        <line num="41" count="4" type="stmt"/>
        <line num="42" count="0" type="stmt"/>
        <line num="45" count="4" type="stmt"/>
        <line num="46" count="0" type="stmt"/>
        <line num="47" count="0" type="stmt"/>
        <line num="48" count="0" type="stmt"/>
        <line num="51" count="0" type="stmt"/>
        <line num="53" count="0" type="stmt"/>
        <line num="56" count="0" type="stmt"/>
        <line num="65" count="4" type="stmt"/>
        <line num="66" count="0" type="stmt"/>
        <line num="67" count="0" type="stmt"/>
        <line num="68" count="0" type="stmt"/>
        <line num="72" count="11" type="cond" truecount="2" falsecount="0"/>
        <line num="73" count="2" type="stmt"/>
        <line num="75" count="9" type="cond" truecount="2" falsecount="0"/>
        <line num="76" count="1" type="stmt"/>
        <line num="78" count="8" type="stmt"/>
        <line num="82" count="4" type="stmt"/>
        <line num="85" count="4" type="cond" truecount="2" falsecount="0"/>
        <line num="86" count="1" type="stmt"/>
        <line num="89" count="3" type="stmt"/>
        <line num="90" count="3" type="stmt"/>
        <line num="91" count="3" type="cond" truecount="2" falsecount="0"/>
        <line num="92" count="1" type="stmt"/>
        <line num="98" count="2" type="stmt"/>
        <line num="99" count="2" type="stmt"/>
        <line num="100" count="2" type="stmt"/>
        <line num="102" count="0" type="stmt"/>
        <line num="105" count="2" type="stmt"/>
        <line num="111" count="2" type="stmt"/>
        <line num="112" count="2" type="stmt"/>
        <line num="114" count="0" type="stmt"/>
        <line num="116" count="2" type="stmt"/>
        <line num="119" count="4" type="stmt"/>
        <line num="120" count="3" type="cond" truecount="2" falsecount="0"/>
        <line num="121" count="1" type="stmt"/>
        <line num="126" count="2" type="stmt"/>
        <line num="127" count="2" type="stmt"/>
        <line num="128" count="2" type="stmt"/>
        <line num="130" count="0" type="stmt"/>
        <line num="133" count="2" type="stmt"/>
        <line num="138" count="2" type="stmt"/>
        <line num="140" count="2" type="cond" truecount="2" falsecount="0"/>
        <line num="141" count="1" type="stmt"/>
        <line num="143" count="1" type="stmt"/>
        <line num="146" count="4" type="stmt"/>
        <line num="147" count="3" type="cond" truecount="2" falsecount="0"/>
        <line num="148" count="1" type="stmt"/>
        <line num="150" count="2" type="stmt"/>
        <line num="151" count="2" type="cond" truecount="2" falsecount="0"/>
        <line num="152" count="1" type="stmt"/>
        <line num="154" count="1" type="stmt"/>
        <line num="158" count="4" type="stmt"/>
        <line num="159" count="4" type="cond" truecount="2" falsecount="0"/>
        <line num="160" count="1" type="stmt"/>
        <line num="163" count="3" type="stmt"/>
        <line num="164" count="3" type="cond" truecount="2" falsecount="0"/>
        <line num="165" count="1" type="stmt"/>
        <line num="167" count="2" type="stmt"/>
        <line num="168" count="2" type="cond" truecount="2" falsecount="0"/>
        <line num="169" count="1" type="stmt"/>
        <line num="171" count="1" type="stmt"/>
        <line num="174" count="0" type="stmt"/>
        <line num="183" count="4" type="stmt"/>
        <line num="184" count="0" type="stmt"/>
        <line num="185" count="0" type="stmt"/>
        <line num="186" count="0" type="stmt"/>
        <line num="190" count="29" type="cond" truecount="2" falsecount="0"/>
        <line num="191" count="2" type="stmt"/>
        <line num="193" count="27" type="cond" truecount="2" falsecount="0"/>
        <line num="194" count="2" type="stmt"/>
        <line num="196" count="25" type="cond" truecount="2" falsecount="0"/>
        <line num="197" count="2" type="stmt"/>
        <line num="199" count="23" type="cond" truecount="2" falsecount="0"/>
        <line num="200" count="3" type="stmt"/>
        <line num="202" count="20" type="cond" truecount="2" falsecount="0"/>
        <line num="203" count="2" type="stmt"/>
        <line num="205" count="18" type="cond" truecount="2" falsecount="0"/>
        <line num="206" count="2" type="stmt"/>
        <line num="208" count="16" type="cond" truecount="2" falsecount="0"/>
        <line num="209" count="2" type="stmt"/>
        <line num="211" count="14" type="cond" truecount="2" falsecount="0"/>
        <line num="212" count="2" type="stmt"/>
        <line num="214" count="12" type="cond" truecount="2" falsecount="0"/>
        <line num="215" count="2" type="stmt"/>
        <line num="217" count="10" type="stmt"/>
        <line num="221" count="4" type="stmt"/>
        <line num="222" count="8" type="cond" truecount="2" falsecount="0"/>
        <line num="223" count="1" type="stmt"/>
        <line num="225" count="7" type="stmt"/>
        <line num="226" count="7" type="cond" truecount="2" falsecount="0"/>
        <line num="227" count="2" type="stmt"/>
        <line num="229" count="5" type="stmt"/>
        <line num="233" count="4" type="stmt"/>
        <line num="234" count="3" type="cond" truecount="2" falsecount="0"/>
        <line num="235" count="1" type="stmt"/>
        <line num="237" count="2" type="stmt"/>
        <line num="238" count="2" type="cond" truecount="2" falsecount="0"/>
        <line num="239" count="1" type="stmt"/>
        <line num="241" count="1" type="stmt"/>
        <line num="244" count="4" type="stmt"/>
        <line num="245" count="3" type="cond" truecount="2" falsecount="0"/>
        <line num="246" count="1" type="stmt"/>
        <line num="249" count="2" type="stmt"/>
        <line num="250" count="2" type="cond" truecount="2" falsecount="0"/>
        <line num="251" count="1" type="stmt"/>
        <line num="253" count="1" type="stmt"/>
        <line num="257" count="4" type="stmt"/>
        <line num="259" count="16" type="cond" truecount="2" falsecount="0"/>
        <line num="260" count="9" type="stmt"/>
        <line num="262" count="7" type="stmt"/>
        <line num="263" count="7" type="cond" truecount="2" falsecount="0"/>
        <line num="264" count="1" type="stmt"/>
        <line num="267" count="6" type="stmt"/>
        <line num="268" count="6" type="stmt"/>
        <line num="272" count="4" type="stmt"/>
        <line num="273" count="3" type="cond" truecount="3" falsecount="1"/>
        <line num="274" count="0" type="stmt"/>
        <line num="276" count="3" type="stmt"/>
        <line num="277" count="3" type="cond" truecount="2" falsecount="0"/>
        <line num="278" count="1" type="stmt"/>
        <line num="281" count="2" type="cond" truecount="2" falsecount="0"/>
        <line num="282" count="1" type="stmt"/>
        <line num="284" count="1" type="stmt"/>
        <line num="285" count="1" type="stmt"/>
        <line num="286" count="1" type="stmt"/>
        <line num="287" count="1" type="stmt"/>
        <line num="290" count="4" type="stmt"/>
        <line num="291" count="5" type="cond" truecount="3" falsecount="1"/>
        <line num="292" count="0" type="stmt"/>
        <line num="294" count="5" type="stmt"/>
        <line num="295" count="5" type="cond" truecount="2" falsecount="0"/>
        <line num="296" count="1" type="stmt"/>
        <line num="299" count="4" type="cond" truecount="2" falsecount="0"/>
        <line num="300" count="2" type="stmt"/>
        <line num="303" count="2" type="cond" truecount="2" falsecount="0"/>
        <line num="304" count="1" type="stmt"/>
        <line num="307" count="1" type="stmt"/>
        <line num="308" count="1" type="stmt"/>
        <line num="309" count="1" type="stmt"/>
        <line num="310" count="1" type="stmt"/>
        <line num="319" count="4" type="stmt"/>
        <line num="320" count="0" type="stmt"/>
        <line num="321" count="0" type="stmt"/>
        <line num="322" count="0" type="stmt"/>
        <line num="326" count="39" type="cond" truecount="2" falsecount="0"/>
        <line num="327" count="2" type="stmt"/>
        <line num="329" count="37" type="cond" truecount="2" falsecount="0"/>
        <line num="330" count="2" type="stmt"/>
        <line num="332" count="35" type="cond" truecount="2" falsecount="0"/>
        <line num="333" count="2" type="stmt"/>
        <line num="335" count="33" type="cond" truecount="2" falsecount="0"/>
        <line num="336" count="2" type="stmt"/>
        <line num="338" count="31" type="cond" truecount="2" falsecount="0"/>
        <line num="339" count="2" type="stmt"/>
        <line num="341" count="29" type="cond" truecount="2" falsecount="0"/>
        <line num="342" count="2" type="stmt"/>
        <line num="344" count="27" type="cond" truecount="2" falsecount="0"/>
        <line num="345" count="2" type="stmt"/>
        <line num="347" count="25" type="cond" truecount="2" falsecount="0"/>
        <line num="348" count="2" type="stmt"/>
        <line num="350" count="23" type="cond" truecount="2" falsecount="0"/>
        <line num="351" count="2" type="stmt"/>
        <line num="353" count="21" type="cond" truecount="2" falsecount="0"/>
        <line num="354" count="2" type="stmt"/>
        <line num="356" count="19" type="cond" truecount="2" falsecount="0"/>
        <line num="357" count="2" type="stmt"/>
        <line num="359" count="17" type="stmt"/>
        <line num="363" count="4" type="stmt"/>
        <line num="364" count="8" type="cond" truecount="2" falsecount="0"/>
        <line num="365" count="1" type="stmt"/>
        <line num="367" count="7" type="stmt"/>
        <line num="368" count="7" type="cond" truecount="2" falsecount="0"/>
        <line num="369" count="1" type="stmt"/>
        <line num="371" count="6" type="stmt"/>
        <line num="375" count="4" type="stmt"/>
        <line num="376" count="21" type="cond" truecount="2" falsecount="0"/>
        <line num="377" count="11" type="stmt"/>
        <line num="379" count="10" type="stmt"/>
        <line num="380" count="10" type="cond" truecount="2" falsecount="0"/>
        <line num="381" count="1" type="stmt"/>
        <line num="384" count="9" type="stmt"/>
        <line num="385" count="9" type="stmt"/>
        <line num="388" count="4" type="stmt"/>
        <line num="389" count="4" type="cond" truecount="1" falsecount="1"/>
        <line num="390" count="0" type="stmt"/>
        <line num="392" count="4" type="stmt"/>
        <line num="393" count="4" type="cond" truecount="2" falsecount="0"/>
        <line num="394" count="1" type="stmt"/>
        <line num="397" count="3" type="stmt"/>
        <line num="398" count="3" type="cond" truecount="2" falsecount="0"/>
        <line num="399" count="1" type="stmt"/>
        <line num="401" count="2" type="cond" truecount="2" falsecount="0"/>
        <line num="402" count="1" type="stmt"/>
        <line num="404" count="1" type="stmt"/>
        <line num="405" count="1" type="stmt"/>
        <line num="409" count="4" type="stmt"/>
        <line num="410" count="0" type="cond" truecount="0" falsecount="2"/>
        <line num="411" count="0" type="stmt"/>
        <line num="413" count="0" type="stmt"/>
        <line num="414" count="0" type="cond" truecount="0" falsecount="2"/>
        <line num="415" count="0" type="stmt"/>
        <line num="418" count="0" type="stmt"/>
        <line num="419" count="0" type="stmt"/>
        <line num="423" count="4" type="stmt"/>
        <line num="424" count="14" type="cond" truecount="2" falsecount="0"/>
        <line num="425" count="11" type="stmt"/>
        <line num="427" count="3" type="stmt"/>
        <line num="428" count="3" type="cond" truecount="2" falsecount="0"/>
        <line num="429" count="1" type="stmt"/>
        <line num="431" count="2" type="stmt"/>
        <line num="434" count="4" type="stmt"/>
        <line num="435" count="0" type="cond" truecount="0" falsecount="4"/>
        <line num="436" count="0" type="stmt"/>
        <line num="438" count="0" type="stmt"/>
        <line num="439" count="0" type="cond" truecount="0" falsecount="2"/>
        <line num="440" count="0" type="stmt"/>
        <line num="442" count="0" type="stmt"/>
        <line num="443" count="0" type="stmt"/>
        <line num="444" count="0" type="stmt"/>
        <line num="447" count="4" type="stmt"/>
        <line num="448" count="6" type="cond" truecount="4" falsecount="0"/>
        <line num="449" count="2" type="stmt"/>
        <line num="451" count="4" type="stmt"/>
        <line num="452" count="4" type="cond" truecount="1" falsecount="1"/>
        <line num="453" count="0" type="stmt"/>
        <line num="457" count="4" type="stmt"/>
        <line num="458" count="4" type="stmt"/>
        <line num="459" count="4" type="stmt"/>
        <line num="462" count="0" type="stmt"/>
        <line num="464" count="4" type="cond" truecount="2" falsecount="0"/>
        <line num="465" count="2" type="stmt"/>
        <line num="466" count="2" type="stmt"/>
        <line num="467" count="2" type="stmt"/>
        <line num="469" count="2" type="stmt"/>
        <line num="473" count="4" type="stmt"/>
        <line num="474" count="9" type="cond" truecount="4" falsecount="0"/>
        <line num="475" count="2" type="stmt"/>
        <line num="477" count="7" type="stmt"/>
        <line num="478" count="7" type="cond" truecount="2" falsecount="0"/>
        <line num="479" count="1" type="stmt"/>
        <line num="483" count="6" type="stmt"/>
        <line num="484" count="6" type="stmt"/>
        <line num="485" count="6" type="stmt"/>
        <line num="488" count="0" type="stmt"/>
        <line num="491" count="6" type="cond" truecount="2" falsecount="0"/>
        <line num="492" count="8" type="stmt"/>
        <line num="493" count="2" type="stmt"/>
        <line num="494" count="2" type="stmt"/>
        <line num="496" count="4" type="stmt"/>
        <line num="500" count="4" type="stmt"/>
        <line num="501" count="3" type="cond" truecount="2" falsecount="0"/>
        <line num="502" count="1" type="stmt"/>
        <line num="504" count="2" type="stmt"/>
        <line num="505" count="2" type="cond" truecount="2" falsecount="0"/>
        <line num="506" count="1" type="stmt"/>
        <line num="508" count="1" type="stmt"/>
        <line num="513" count="12" type="stmt"/>
        <line num="514" count="12" type="stmt"/>
        <line num="515" count="12" type="stmt"/>
        <line num="517" count="12" type="stmt"/>
        <line num="521" count="12" type="stmt"/>
        <line num="522" count="12" type="stmt"/>
        <line num="523" count="12" type="stmt"/>
        <line num="527" count="48" type="stmt"/>
        <line num="530" count="4" type="stmt"/>
        <line num="532" count="23" type="cond" truecount="2" falsecount="0"/>
        <line num="533" count="17" type="cond" truecount="2" falsecount="0"/>
        <line num="534" count="7" type="stmt"/>
        <line num="535" count="7" type="stmt"/>
        <line num="537" count="10" type="cond" truecount="2" falsecount="0"/>
        <line num="538" count="9" type="stmt"/>
        <line num="539" count="9" type="stmt"/>
        <line num="542" count="6" type="cond" truecount="2" falsecount="0"/>
        <line num="543" count="2" type="stmt"/>
        <line num="544" count="2" type="stmt"/>
        <line num="547" count="5" type="cond" truecount="1" falsecount="1"/>
        <line num="548" count="0" type="stmt"/>
        <line num="549" count="0" type="stmt"/>
        <line num="551" count="5" type="cond" truecount="1" falsecount="1"/>
        <line num="552" count="0" type="stmt"/>
        <line num="553" count="0" type="stmt"/>
        <line num="555" count="5" type="cond" truecount="1" falsecount="1"/>
        <line num="556" count="0" type="stmt"/>
        <line num="557" count="0" type="stmt"/>
        <line num="559" count="5" type="cond" truecount="1" falsecount="1"/>
        <line num="560" count="0" type="stmt"/>
        <line num="561" count="0" type="stmt"/>
        <line num="563" count="5" type="cond" truecount="1" falsecount="1"/>
        <line num="564" count="0" type="stmt"/>
        <line num="565" count="0" type="stmt"/>
        <line num="567" count="5" type="cond" truecount="1" falsecount="1"/>
        <line num="568" count="0" type="stmt"/>
        <line num="569" count="0" type="stmt"/>
        <line num="571" count="5" type="stmt"/>
        <line num="574" count="4" type="stmt"/>
        <line num="575" count="17" type="stmt"/>
        <line num="578" count="17" type="cond" truecount="2" falsecount="0"/>
        <line num="579" count="16" type="stmt"/>
        <line num="582" count="1" type="stmt"/>
        <line num="583" count="1" type="stmt"/>
        <line num="587" count="3" type="stmt"/>
        <line num="588" count="3" type="stmt"/>
        <line num="589" count="3" type="stmt"/>
        <line num="591" count="3" type="stmt"/>
        <line num="592" count="3" type="stmt"/>
        <line num="593" count="3" type="stmt"/>
        <line num="594" count="3" type="stmt"/>
        <line num="595" count="3" type="stmt"/>
        <line num="596" count="3" type="stmt"/>
        <line num="598" count="3" type="stmt"/>
        <line num="599" count="12" type="stmt"/>
        <line num="600" count="12" type="stmt"/>
        <line num="603" count="12" type="stmt"/>
        <line num="604" count="12" type="stmt"/>
        <line num="605" count="27" type="stmt"/>
        <line num="606" count="27" type="cond" truecount="1" falsecount="1"/>
        <line num="607" count="27" type="stmt"/>
        <line num="610" count="12" type="stmt"/>
        <line num="613" count="12" type="stmt"/>
        <line num="614" count="12" type="stmt"/>
        <line num="616" count="12" type="stmt"/>
        <line num="617" count="12" type="cond" truecount="2" falsecount="0"/>
        <line num="620" count="3" type="stmt"/>
        <line num="624" count="9" type="stmt"/>
        <line num="625" count="9" type="cond" truecount="1" falsecount="1"/>
        <line num="628" count="9" type="stmt"/>
        <line num="629" count="9" type="stmt"/>
        <line num="630" count="9" type="stmt"/>
        <line num="631" count="9" type="stmt"/>
        <line num="642" count="12" type="stmt"/>
        <line num="643" count="3" type="stmt"/>
        <line num="648" count="4" type="stmt"/>
        <line num="649" count="6" type="stmt"/>
        <line num="652" count="6" type="cond" truecount="2" falsecount="0"/>
        <line num="653" count="2" type="stmt"/>
        <line num="656" count="4" type="stmt"/>
        <line num="658" count="4" type="stmt"/>
        <line num="662" count="4" type="stmt"/>
        <line num="663" count="4" type="stmt"/>
        <line num="664" count="4" type="stmt"/>
        <line num="667" count="1" type="stmt"/>
        <line num="670" count="3" type="cond" truecount="2" falsecount="0"/>
        <line num="671" count="1" type="stmt"/>
        <line num="673" count="2" type="stmt"/>
        <line num="674" count="2" type="stmt"/>
        <line num="677" count="4" type="stmt"/>
      </file>
    </package>
    <package name="server.__models__">
      <metrics statements="22" coveredstatements="22" conditionals="0" coveredconditionals="0" methods="2" coveredmethods="2"/>
      <file name="Account.js" path="/home/zyad/Desktop/321PROJECT/CPEN-321-Location-App/backend/server/__models__/Account.js">
        <metrics statements="4" coveredstatements="4" conditionals="0" coveredconditionals="0" methods="0" coveredmethods="0"/>
        <line num="1" count="4" type="stmt"/>
        <line num="2" count="4" type="stmt"/>
        <line num="4" count="4" type="stmt"/>
        <line num="13" count="4" type="stmt"/>
      </file>
      <file name="Activity.js" path="/home/zyad/Desktop/321PROJECT/CPEN-321-Location-App/backend/server/__models__/Activity.js">
        <metrics statements="4" coveredstatements="4" conditionals="0" coveredconditionals="0" methods="0" coveredmethods="0"/>
        <line num="1" count="4" type="stmt"/>
        <line num="2" count="4" type="stmt"/>
        <line num="3" count="4" type="stmt"/>
        <line num="17" count="4" type="stmt"/>
      </file>
      <file name="Profile.js" path="/home/zyad/Desktop/321PROJECT/CPEN-321-Location-App/backend/server/__models__/Profile.js">
        <metrics statements="4" coveredstatements="4" conditionals="0" coveredconditionals="0" methods="0" coveredmethods="0"/>
        <line num="1" count="4" type="stmt"/>
        <line num="2" count="4" type="stmt"/>
        <line num="3" count="4" type="stmt"/>
        <line num="15" count="4" type="stmt"/>
      </file>
      <file name="models.js" path="/home/zyad/Desktop/321PROJECT/CPEN-321-Location-App/backend/server/__models__/models.js">
        <metrics statements="10" coveredstatements="10" conditionals="0" coveredconditionals="0" methods="2" coveredmethods="2"/>
        <line num="1" count="4" type="stmt"/>
        <line num="2" count="4" type="stmt"/>
        <line num="3" count="4" type="stmt"/>
        <line num="4" count="4" type="stmt"/>
        <line num="6" count="4" type="stmt"/>
        <line num="7" count="4" type="stmt"/>
        <line num="8" count="8" type="stmt"/>
        <line num="10" count="4" type="stmt"/>
        <line num="11" count="8" type="stmt"/>
        <line num="14" count="4" type="stmt"/>
      </file>
    </package>
    <package name="server.__vars__">
      <metrics statements="31" coveredstatements="31" conditionals="0" coveredconditionals="0" methods="0" coveredmethods="0"/>
      <file name="constants.js" path="/home/zyad/Desktop/321PROJECT/CPEN-321-Location-App/backend/server/__vars__/constants.js">
        <metrics statements="31" coveredstatements="31" conditionals="0" coveredconditionals="0" methods="0" coveredmethods="0"/>
        <line num="2" count="2" type="stmt"/>
        <line num="16" count="2" type="stmt"/>
        <line num="30" count="2" type="stmt"/>
        <line num="44" count="2" type="stmt"/>
        <line num="58" count="2" type="stmt"/>
        <line num="74" count="2" type="stmt"/>
        <line num="87" count="2" type="stmt"/>
        <line num="100" count="2" type="stmt"/>
        <line num="113" count="2" type="stmt"/>
        <line num="126" count="2" type="stmt"/>
        <line num="139" count="2" type="stmt"/>
        <line num="152" count="2" type="stmt"/>
        <line num="165" count="2" type="stmt"/>
        <line num="178" count="2" type="stmt"/>
        <line num="191" count="2" type="stmt"/>
        <line num="204" count="2" type="stmt"/>
        <line num="217" count="2" type="stmt"/>
        <line num="222" count="2" type="stmt"/>
        <line num="235" count="2" type="stmt"/>
        <line num="248" count="2" type="stmt"/>
        <line num="261" count="2" type="stmt"/>
        <line num="272" count="2" type="stmt"/>
        <line num="285" count="2" type="stmt"/>
        <line num="298" count="2" type="stmt"/>
        <line num="311" count="2" type="stmt"/>
        <line num="324" count="2" type="stmt"/>
        <line num="337" count="2" type="stmt"/>
        <line num="342" count="2" type="stmt"/>
        <line num="356" count="2" type="stmt"/>
        <line num="370" count="2" type="stmt"/>
        <line num="385" count="2" type="stmt"/>
      </file>
    </package>
  </project>
</coverage>
