{"/home/zyad/Desktop/321PROJECT/CPEN-321-Location-App/backend/server/app.js": {"path":"/home/zyad/Desktop/321PROJECT/CPEN-321-Location-App/backend/server/app.js","statementMap":{"0":{"start":{"line":1,"column":14},"end":{"line":1,"column":32}},"1":{"start":{"line":2,"column":13},"end":{"line":2,"column":32}},"2":{"start":{"line":4,"column":14},"end":{"line":4,"column":52}},"3":{"start":{"line":5,"column":14},"end":{"line":5,"column":52}},"4":{"start":{"line":6,"column":15},"end":{"line":6,"column":54}},"5":{"start":{"line":8,"column":10},"end":{"line":8,"column":19}},"6":{"start":{"line":9,"column":0},"end":{"line":9,"column":23}},"7":{"start":{"line":13,"column":17},"end":{"line":17,"column":5}},"8":{"start":{"line":18,"column":4},"end":{"line":18,"column":16}},"9":{"start":{"line":26,"column":0},"end":{"line":30,"column":3}},"10":{"start":{"line":27,"column":17},"end":{"line":27,"column":19}},"11":{"start":{"line":28,"column":17},"end":{"line":28,"column":44}},"12":{"start":{"line":29,"column":4},"end":{"line":29,"column":27}},"13":{"start":{"line":33,"column":4},"end":{"line":35,"column":5}},"14":{"start":{"line":34,"column":8},"end":{"line":34,"column":21}},"15":{"start":{"line":36,"column":4},"end":{"line":38,"column":5}},"16":{"start":{"line":37,"column":8},"end":{"line":37,"column":21}},"17":{"start":{"line":39,"column":4},"end":{"line":39,"column":16}},"18":{"start":{"line":43,"column":0},"end":{"line":78,"column":3}},"19":{"start":{"line":46,"column":4},"end":{"line":48,"column":5}},"20":{"start":{"line":47,"column":8},"end":{"line":47,"column":81}},"21":{"start":{"line":50,"column":4},"end":{"line":50,"column":17}},"22":{"start":{"line":51,"column":19},"end":{"line":51,"column":73}},"23":{"start":{"line":52,"column":4},"end":{"line":54,"column":5}},"24":{"start":{"line":53,"column":8},"end":{"line":53,"column":80}},"25":{"start":{"line":59,"column":4},"end":{"line":64,"column":5}},"26":{"start":{"line":60,"column":8},"end":{"line":60,"column":38}},"27":{"start":{"line":61,"column":8},"end":{"line":61,"column":68}},"28":{"start":{"line":63,"column":8},"end":{"line":63,"column":38}},"29":{"start":{"line":66,"column":17},"end":{"line":69,"column":5}},"30":{"start":{"line":72,"column":4},"end":{"line":76,"column":5}},"31":{"start":{"line":73,"column":8},"end":{"line":73,"column":35}},"32":{"start":{"line":75,"column":8},"end":{"line":75,"column":58}},"33":{"start":{"line":77,"column":4},"end":{"line":77,"column":84}},"34":{"start":{"line":80,"column":0},"end":{"line":90,"column":2}},"35":{"start":{"line":81,"column":4},"end":{"line":83,"column":5}},"36":{"start":{"line":82,"column":8},"end":{"line":82,"column":81}},"37":{"start":{"line":85,"column":19},"end":{"line":85,"column":68}},"38":{"start":{"line":86,"column":4},"end":{"line":88,"column":5}},"39":{"start":{"line":87,"column":8},"end":{"line":87,"column":81}},"40":{"start":{"line":89,"column":4},"end":{"line":89,"column":81}},"41":{"start":{"line":93,"column":0},"end":{"line":111,"column":3}},"42":{"start":{"line":94,"column":4},"end":{"line":96,"column":5}},"43":{"start":{"line":95,"column":8},"end":{"line":95,"column":81}},"44":{"start":{"line":98,"column":19},"end":{"line":98,"column":73}},"45":{"start":{"line":99,"column":4},"end":{"line":101,"column":5}},"46":{"start":{"line":100,"column":8},"end":{"line":100,"column":81}},"47":{"start":{"line":102,"column":4},"end":{"line":110,"column":5}},"48":{"start":{"line":103,"column":8},"end":{"line":107,"column":9}},"49":{"start":{"line":104,"column":12},"end":{"line":104,"column":86}},"50":{"start":{"line":106,"column":12},"end":{"line":106,"column":78}},"51":{"start":{"line":109,"column":8},"end":{"line":109,"column":64}},"52":{"start":{"line":118,"column":0},"end":{"line":122,"column":3}},"53":{"start":{"line":119,"column":17},"end":{"line":119,"column":19}},"54":{"start":{"line":120,"column":17},"end":{"line":120,"column":44}},"55":{"start":{"line":121,"column":4},"end":{"line":121,"column":27}},"56":{"start":{"line":125,"column":4},"end":{"line":127,"column":5}},"57":{"start":{"line":126,"column":8},"end":{"line":126,"column":21}},"58":{"start":{"line":128,"column":4},"end":{"line":130,"column":5}},"59":{"start":{"line":129,"column":8},"end":{"line":129,"column":21}},"60":{"start":{"line":131,"column":4},"end":{"line":133,"column":5}},"61":{"start":{"line":132,"column":8},"end":{"line":132,"column":21}},"62":{"start":{"line":134,"column":4},"end":{"line":136,"column":5}},"63":{"start":{"line":135,"column":8},"end":{"line":135,"column":21}},"64":{"start":{"line":137,"column":4},"end":{"line":139,"column":5}},"65":{"start":{"line":138,"column":8},"end":{"line":138,"column":21}},"66":{"start":{"line":140,"column":4},"end":{"line":142,"column":5}},"67":{"start":{"line":141,"column":8},"end":{"line":141,"column":21}},"68":{"start":{"line":143,"column":4},"end":{"line":145,"column":5}},"69":{"start":{"line":144,"column":8},"end":{"line":144,"column":21}},"70":{"start":{"line":146,"column":4},"end":{"line":148,"column":5}},"71":{"start":{"line":147,"column":8},"end":{"line":147,"column":21}},"72":{"start":{"line":149,"column":4},"end":{"line":151,"column":5}},"73":{"start":{"line":150,"column":8},"end":{"line":150,"column":21}},"74":{"start":{"line":152,"column":4},"end":{"line":152,"column":16}},"75":{"start":{"line":156,"column":0},"end":{"line":165,"column":3}},"76":{"start":{"line":157,"column":4},"end":{"line":159,"column":5}},"77":{"start":{"line":158,"column":8},"end":{"line":158,"column":81}},"78":{"start":{"line":160,"column":19},"end":{"line":160,"column":81}},"79":{"start":{"line":161,"column":4},"end":{"line":163,"column":5}},"80":{"start":{"line":162,"column":8},"end":{"line":162,"column":81}},"81":{"start":{"line":164,"column":4},"end":{"line":164,"column":80}},"82":{"start":{"line":168,"column":0},"end":{"line":177,"column":3}},"83":{"start":{"line":169,"column":4},"end":{"line":171,"column":5}},"84":{"start":{"line":170,"column":8},"end":{"line":170,"column":81}},"85":{"start":{"line":172,"column":19},"end":{"line":172,"column":87}},"86":{"start":{"line":173,"column":4},"end":{"line":175,"column":5}},"87":{"start":{"line":174,"column":8},"end":{"line":174,"column":81}},"88":{"start":{"line":176,"column":4},"end":{"line":176,"column":86}},"89":{"start":{"line":179,"column":0},"end":{"line":189,"column":2}},"90":{"start":{"line":180,"column":4},"end":{"line":182,"column":5}},"91":{"start":{"line":181,"column":8},"end":{"line":181,"column":81}},"92":{"start":{"line":184,"column":19},"end":{"line":184,"column":76}},"93":{"start":{"line":185,"column":4},"end":{"line":187,"column":5}},"94":{"start":{"line":186,"column":8},"end":{"line":186,"column":81}},"95":{"start":{"line":188,"column":4},"end":{"line":188,"column":86}},"96":{"start":{"line":192,"column":0},"end":{"line":207,"column":3}},"97":{"start":{"line":194,"column":4},"end":{"line":196,"column":5}},"98":{"start":{"line":195,"column":8},"end":{"line":195,"column":81}},"99":{"start":{"line":197,"column":19},"end":{"line":197,"column":81}},"100":{"start":{"line":198,"column":4},"end":{"line":200,"column":5}},"101":{"start":{"line":199,"column":8},"end":{"line":199,"column":81}},"102":{"start":{"line":201,"column":4},"end":{"line":205,"column":5}},"103":{"start":{"line":202,"column":8},"end":{"line":202,"column":39}},"104":{"start":{"line":204,"column":8},"end":{"line":204,"column":58}},"105":{"start":{"line":206,"column":4},"end":{"line":206,"column":85}},"106":{"start":{"line":228,"column":0},"end":{"line":232,"column":3}},"107":{"start":{"line":229,"column":17},"end":{"line":229,"column":19}},"108":{"start":{"line":230,"column":17},"end":{"line":230,"column":45}},"109":{"start":{"line":231,"column":4},"end":{"line":231,"column":27}},"110":{"start":{"line":235,"column":0},"end":{"line":241,"column":3}},"111":{"start":{"line":236,"column":19},"end":{"line":236,"column":72}},"112":{"start":{"line":237,"column":4},"end":{"line":239,"column":5}},"113":{"start":{"line":238,"column":8},"end":{"line":238,"column":76}},"114":{"start":{"line":240,"column":4},"end":{"line":240,"column":84}},"115":{"start":{"line":244,"column":0},"end":{"line":255,"column":3}},"116":{"start":{"line":245,"column":19},"end":{"line":245,"column":72}},"117":{"start":{"line":246,"column":4},"end":{"line":248,"column":5}},"118":{"start":{"line":247,"column":8},"end":{"line":247,"column":74}},"119":{"start":{"line":249,"column":4},"end":{"line":253,"column":5}},"120":{"start":{"line":250,"column":8},"end":{"line":250,"column":40}},"121":{"start":{"line":252,"column":8},"end":{"line":252,"column":58}},"122":{"start":{"line":254,"column":4},"end":{"line":254,"column":79}},"123":{"start":{"line":258,"column":0},"end":{"line":264,"column":3}},"124":{"start":{"line":259,"column":19},"end":{"line":259,"column":78}},"125":{"start":{"line":260,"column":4},"end":{"line":262,"column":5}},"126":{"start":{"line":261,"column":8},"end":{"line":261,"column":80}},"127":{"start":{"line":263,"column":4},"end":{"line":263,"column":82}},"128":{"start":{"line":266,"column":0},"end":{"line":272,"column":2}},"129":{"start":{"line":267,"column":19},"end":{"line":267,"column":67}},"130":{"start":{"line":268,"column":4},"end":{"line":270,"column":5}},"131":{"start":{"line":269,"column":8},"end":{"line":269,"column":81}},"132":{"start":{"line":271,"column":4},"end":{"line":271,"column":82}},"133":{"start":{"line":276,"column":12},"end":{"line":276,"column":16}},"134":{"start":{"line":277,"column":15},"end":{"line":277,"column":33}},"135":{"start":{"line":278,"column":15},"end":{"line":278,"column":33}},"136":{"start":{"line":280,"column":6},"end":{"line":282,"column":41}},"137":{"start":{"line":284,"column":12},"end":{"line":284,"column":56}},"138":{"start":{"line":285,"column":12},"end":{"line":285,"column":17}},"139":{"start":{"line":286,"column":4},"end":{"line":286,"column":13}},"140":{"start":{"line":290,"column":4},"end":{"line":290,"column":30}},"141":{"start":{"line":293,"column":0},"end":{"line":370,"column":3}},"142":{"start":{"line":294,"column":28},"end":{"line":294,"column":30}},"143":{"start":{"line":295,"column":17},"end":{"line":295,"column":45}},"144":{"start":{"line":298,"column":15},"end":{"line":298,"column":28}},"145":{"start":{"line":299,"column":18},"end":{"line":299,"column":43}},"146":{"start":{"line":300,"column":19},"end":{"line":300,"column":45}},"147":{"start":{"line":301,"column":20},"end":{"line":301,"column":35}},"148":{"start":{"line":302,"column":25},"end":{"line":302,"column":48}},"149":{"start":{"line":303,"column":24},"end":{"line":303,"column":46}},"150":{"start":{"line":304,"column":22},"end":{"line":304,"column":42}},"151":{"start":{"line":306,"column":31},"end":{"line":306,"column":33}},"152":{"start":{"line":307,"column":10},"end":{"line":307,"column":11}},"153":{"start":{"line":308,"column":4},"end":{"line":359,"column":5}},"154":{"start":{"line":309,"column":8},"end":{"line":309,"column":36}},"155":{"start":{"line":310,"column":30},"end":{"line":310,"column":42}},"156":{"start":{"line":312,"column":8},"end":{"line":312,"column":31}},"157":{"start":{"line":314,"column":27},"end":{"line":314,"column":28}},"158":{"start":{"line":315,"column":8},"end":{"line":320,"column":9}},"159":{"start":{"line":316,"column":33},"end":{"line":316,"column":65}},"160":{"start":{"line":317,"column":12},"end":{"line":319,"column":13}},"161":{"start":{"line":318,"column":16},"end":{"line":318,"column":34}},"162":{"start":{"line":321,"column":8},"end":{"line":321,"column":95}},"163":{"start":{"line":322,"column":8},"end":{"line":322,"column":67}},"164":{"start":{"line":325,"column":29},"end":{"line":325,"column":30}},"165":{"start":{"line":326,"column":19},"end":{"line":327,"column":90}},"166":{"start":{"line":328,"column":8},"end":{"line":328,"column":84}},"167":{"start":{"line":329,"column":8},"end":{"line":329,"column":72}},"168":{"start":{"line":330,"column":8},"end":{"line":334,"column":9}},"169":{"start":{"line":333,"column":12},"end":{"line":333,"column":19}},"170":{"start":{"line":337,"column":26},"end":{"line":337,"column":27}},"171":{"start":{"line":338,"column":8},"end":{"line":338,"column":82}},"172":{"start":{"line":339,"column":8},"end":{"line":339,"column":63}},"173":{"start":{"line":340,"column":8},"end":{"line":340,"column":23}},"174":{"start":{"line":341,"column":8},"end":{"line":341,"column":23}},"175":{"start":{"line":344,"column":26},"end":{"line":344,"column":27}},"176":{"start":{"line":345,"column":8},"end":{"line":345,"column":116}},"177":{"start":{"line":346,"column":8},"end":{"line":346,"column":76}},"178":{"start":{"line":349,"column":8},"end":{"line":349,"column":48}},"179":{"start":{"line":350,"column":8},"end":{"line":350,"column":40}},"180":{"start":{"line":351,"column":8},"end":{"line":358,"column":9}},"181":{"start":{"line":352,"column":20},"end":{"line":352,"column":23}},"182":{"start":{"line":353,"column":12},"end":{"line":356,"column":13}},"183":{"start":{"line":354,"column":16},"end":{"line":354,"column":62}},"184":{"start":{"line":355,"column":16},"end":{"line":355,"column":20}},"185":{"start":{"line":357,"column":12},"end":{"line":357,"column":53}},"186":{"start":{"line":361,"column":4},"end":{"line":367,"column":5}},"187":{"start":{"line":362,"column":30},"end":{"line":362,"column":50}},"188":{"start":{"line":363,"column":8},"end":{"line":363,"column":53}},"189":{"start":{"line":364,"column":8},"end":{"line":364,"column":93}},"190":{"start":{"line":365,"column":8},"end":{"line":365,"column":23}},"191":{"start":{"line":366,"column":8},"end":{"line":366,"column":23}},"192":{"start":{"line":369,"column":4},"end":{"line":369,"column":38}},"193":{"start":{"line":372,"column":0},"end":{"line":374,"column":1}}},"fnMap":{"0":{"name":"formatResponse","decl":{"start":{"line":12,"column":9},"end":{"line":12,"column":23}},"loc":{"start":{"line":12,"column":49},"end":{"line":19,"column":1}},"line":12},"1":{"name":"(anonymous_1)","decl":{"start":{"line":26,"column":22},"end":{"line":26,"column":23}},"loc":{"start":{"line":26,"column":42},"end":{"line":30,"column":1}},"line":26},"2":{"name":"userIsGoodRequest","decl":{"start":{"line":32,"column":9},"end":{"line":32,"column":26}},"loc":{"start":{"line":32,"column":32},"end":{"line":40,"column":1}},"line":32},"3":{"name":"(anonymous_3)","decl":{"start":{"line":43,"column":28},"end":{"line":43,"column":29}},"loc":{"start":{"line":43,"column":48},"end":{"line":78,"column":1}},"line":43},"4":{"name":"(anonymous_4)","decl":{"start":{"line":80,"column":26},"end":{"line":80,"column":27}},"loc":{"start":{"line":80,"column":44},"end":{"line":90,"column":1}},"line":80},"5":{"name":"(anonymous_5)","decl":{"start":{"line":93,"column":25},"end":{"line":93,"column":26}},"loc":{"start":{"line":93,"column":45},"end":{"line":111,"column":1}},"line":93},"6":{"name":"(anonymous_6)","decl":{"start":{"line":118,"column":25},"end":{"line":118,"column":26}},"loc":{"start":{"line":118,"column":45},"end":{"line":122,"column":1}},"line":118},"7":{"name":"profileIsGoodRequest","decl":{"start":{"line":124,"column":9},"end":{"line":124,"column":29}},"loc":{"start":{"line":124,"column":35},"end":{"line":153,"column":1}},"line":124},"8":{"name":"(anonymous_8)","decl":{"start":{"line":156,"column":29},"end":{"line":156,"column":30}},"loc":{"start":{"line":156,"column":49},"end":{"line":165,"column":1}},"line":156},"9":{"name":"(anonymous_9)","decl":{"start":{"line":168,"column":29},"end":{"line":168,"column":30}},"loc":{"start":{"line":168,"column":49},"end":{"line":177,"column":1}},"line":168},"10":{"name":"(anonymous_10)","decl":{"start":{"line":179,"column":29},"end":{"line":179,"column":30}},"loc":{"start":{"line":179,"column":47},"end":{"line":189,"column":1}},"line":179},"11":{"name":"(anonymous_11)","decl":{"start":{"line":192,"column":26},"end":{"line":192,"column":27}},"loc":{"start":{"line":192,"column":46},"end":{"line":207,"column":1}},"line":192},"12":{"name":"(anonymous_12)","decl":{"start":{"line":228,"column":27},"end":{"line":228,"column":28}},"loc":{"start":{"line":228,"column":47},"end":{"line":232,"column":1}},"line":228},"13":{"name":"(anonymous_13)","decl":{"start":{"line":235,"column":31},"end":{"line":235,"column":32}},"loc":{"start":{"line":235,"column":51},"end":{"line":241,"column":1}},"line":235},"14":{"name":"(anonymous_14)","decl":{"start":{"line":244,"column":28},"end":{"line":244,"column":29}},"loc":{"start":{"line":244,"column":48},"end":{"line":255,"column":1}},"line":244},"15":{"name":"(anonymous_15)","decl":{"start":{"line":258,"column":31},"end":{"line":258,"column":32}},"loc":{"start":{"line":258,"column":51},"end":{"line":264,"column":1}},"line":258},"16":{"name":"(anonymous_16)","decl":{"start":{"line":266,"column":31},"end":{"line":266,"column":32}},"loc":{"start":{"line":266,"column":49},"end":{"line":272,"column":1}},"line":266},"17":{"name":"getDistanceFromLatLonInKm","decl":{"start":{"line":275,"column":9},"end":{"line":275,"column":34}},"loc":{"start":{"line":275,"column":56},"end":{"line":287,"column":1}},"line":275},"18":{"name":"deg2rad","decl":{"start":{"line":289,"column":9},"end":{"line":289,"column":16}},"loc":{"start":{"line":289,"column":22},"end":{"line":291,"column":1}},"line":289},"19":{"name":"(anonymous_19)","decl":{"start":{"line":293,"column":29},"end":{"line":293,"column":30}},"loc":{"start":{"line":293,"column":49},"end":{"line":370,"column":1}},"line":293}},"branchMap":{"0":{"loc":{"start":{"line":33,"column":4},"end":{"line":35,"column":5}},"type":"if","locations":[{"start":{"line":33,"column":4},"end":{"line":35,"column":5}},{"start":{"line":33,"column":4},"end":{"line":35,"column":5}}],"line":33},"1":{"loc":{"start":{"line":36,"column":4},"end":{"line":38,"column":5}},"type":"if","locations":[{"start":{"line":36,"column":4},"end":{"line":38,"column":5}},{"start":{"line":36,"column":4},"end":{"line":38,"column":5}}],"line":36},"2":{"loc":{"start":{"line":46,"column":4},"end":{"line":48,"column":5}},"type":"if","locations":[{"start":{"line":46,"column":4},"end":{"line":48,"column":5}},{"start":{"line":46,"column":4},"end":{"line":48,"column":5}}],"line":46},"3":{"loc":{"start":{"line":52,"column":4},"end":{"line":54,"column":5}},"type":"if","locations":[{"start":{"line":52,"column":4},"end":{"line":54,"column":5}},{"start":{"line":52,"column":4},"end":{"line":54,"column":5}}],"line":52},"4":{"loc":{"start":{"line":81,"column":4},"end":{"line":83,"column":5}},"type":"if","locations":[{"start":{"line":81,"column":4},"end":{"line":83,"column":5}},{"start":{"line":81,"column":4},"end":{"line":83,"column":5}}],"line":81},"5":{"loc":{"start":{"line":86,"column":4},"end":{"line":88,"column":5}},"type":"if","locations":[{"start":{"line":86,"column":4},"end":{"line":88,"column":5}},{"start":{"line":86,"column":4},"end":{"line":88,"column":5}}],"line":86},"6":{"loc":{"start":{"line":94,"column":4},"end":{"line":96,"column":5}},"type":"if","locations":[{"start":{"line":94,"column":4},"end":{"line":96,"column":5}},{"start":{"line":94,"column":4},"end":{"line":96,"column":5}}],"line":94},"7":{"loc":{"start":{"line":99,"column":4},"end":{"line":101,"column":5}},"type":"if","locations":[{"start":{"line":99,"column":4},"end":{"line":101,"column":5}},{"start":{"line":99,"column":4},"end":{"line":101,"column":5}}],"line":99},"8":{"loc":{"start":{"line":103,"column":8},"end":{"line":107,"column":9}},"type":"if","locations":[{"start":{"line":103,"column":8},"end":{"line":107,"column":9}},{"start":{"line":103,"column":8},"end":{"line":107,"column":9}}],"line":103},"9":{"loc":{"start":{"line":125,"column":4},"end":{"line":127,"column":5}},"type":"if","locations":[{"start":{"line":125,"column":4},"end":{"line":127,"column":5}},{"start":{"line":125,"column":4},"end":{"line":127,"column":5}}],"line":125},"10":{"loc":{"start":{"line":128,"column":4},"end":{"line":130,"column":5}},"type":"if","locations":[{"start":{"line":128,"column":4},"end":{"line":130,"column":5}},{"start":{"line":128,"column":4},"end":{"line":130,"column":5}}],"line":128},"11":{"loc":{"start":{"line":131,"column":4},"end":{"line":133,"column":5}},"type":"if","locations":[{"start":{"line":131,"column":4},"end":{"line":133,"column":5}},{"start":{"line":131,"column":4},"end":{"line":133,"column":5}}],"line":131},"12":{"loc":{"start":{"line":134,"column":4},"end":{"line":136,"column":5}},"type":"if","locations":[{"start":{"line":134,"column":4},"end":{"line":136,"column":5}},{"start":{"line":134,"column":4},"end":{"line":136,"column":5}}],"line":134},"13":{"loc":{"start":{"line":137,"column":4},"end":{"line":139,"column":5}},"type":"if","locations":[{"start":{"line":137,"column":4},"end":{"line":139,"column":5}},{"start":{"line":137,"column":4},"end":{"line":139,"column":5}}],"line":137},"14":{"loc":{"start":{"line":140,"column":4},"end":{"line":142,"column":5}},"type":"if","locations":[{"start":{"line":140,"column":4},"end":{"line":142,"column":5}},{"start":{"line":140,"column":4},"end":{"line":142,"column":5}}],"line":140},"15":{"loc":{"start":{"line":143,"column":4},"end":{"line":145,"column":5}},"type":"if","locations":[{"start":{"line":143,"column":4},"end":{"line":145,"column":5}},{"start":{"line":143,"column":4},"end":{"line":145,"column":5}}],"line":143},"16":{"loc":{"start":{"line":146,"column":4},"end":{"line":148,"column":5}},"type":"if","locations":[{"start":{"line":146,"column":4},"end":{"line":148,"column":5}},{"start":{"line":146,"column":4},"end":{"line":148,"column":5}}],"line":146},"17":{"loc":{"start":{"line":149,"column":4},"end":{"line":151,"column":5}},"type":"if","locations":[{"start":{"line":149,"column":4},"end":{"line":151,"column":5}},{"start":{"line":149,"column":4},"end":{"line":151,"column":5}}],"line":149},"18":{"loc":{"start":{"line":157,"column":4},"end":{"line":159,"column":5}},"type":"if","locations":[{"start":{"line":157,"column":4},"end":{"line":159,"column":5}},{"start":{"line":157,"column":4},"end":{"line":159,"column":5}}],"line":157},"19":{"loc":{"start":{"line":161,"column":4},"end":{"line":163,"column":5}},"type":"if","locations":[{"start":{"line":161,"column":4},"end":{"line":163,"column":5}},{"start":{"line":161,"column":4},"end":{"line":163,"column":5}}],"line":161},"20":{"loc":{"start":{"line":169,"column":4},"end":{"line":171,"column":5}},"type":"if","locations":[{"start":{"line":169,"column":4},"end":{"line":171,"column":5}},{"start":{"line":169,"column":4},"end":{"line":171,"column":5}}],"line":169},"21":{"loc":{"start":{"line":173,"column":4},"end":{"line":175,"column":5}},"type":"if","locations":[{"start":{"line":173,"column":4},"end":{"line":175,"column":5}},{"start":{"line":173,"column":4},"end":{"line":175,"column":5}}],"line":173},"22":{"loc":{"start":{"line":180,"column":4},"end":{"line":182,"column":5}},"type":"if","locations":[{"start":{"line":180,"column":4},"end":{"line":182,"column":5}},{"start":{"line":180,"column":4},"end":{"line":182,"column":5}}],"line":180},"23":{"loc":{"start":{"line":185,"column":4},"end":{"line":187,"column":5}},"type":"if","locations":[{"start":{"line":185,"column":4},"end":{"line":187,"column":5}},{"start":{"line":185,"column":4},"end":{"line":187,"column":5}}],"line":185},"24":{"loc":{"start":{"line":194,"column":4},"end":{"line":196,"column":5}},"type":"if","locations":[{"start":{"line":194,"column":4},"end":{"line":196,"column":5}},{"start":{"line":194,"column":4},"end":{"line":196,"column":5}}],"line":194},"25":{"loc":{"start":{"line":198,"column":4},"end":{"line":200,"column":5}},"type":"if","locations":[{"start":{"line":198,"column":4},"end":{"line":200,"column":5}},{"start":{"line":198,"column":4},"end":{"line":200,"column":5}}],"line":198},"26":{"loc":{"start":{"line":237,"column":4},"end":{"line":239,"column":5}},"type":"if","locations":[{"start":{"line":237,"column":4},"end":{"line":239,"column":5}},{"start":{"line":237,"column":4},"end":{"line":239,"column":5}}],"line":237},"27":{"loc":{"start":{"line":246,"column":4},"end":{"line":248,"column":5}},"type":"if","locations":[{"start":{"line":246,"column":4},"end":{"line":248,"column":5}},{"start":{"line":246,"column":4},"end":{"line":248,"column":5}}],"line":246},"28":{"loc":{"start":{"line":260,"column":4},"end":{"line":262,"column":5}},"type":"if","locations":[{"start":{"line":260,"column":4},"end":{"line":262,"column":5}},{"start":{"line":260,"column":4},"end":{"line":262,"column":5}}],"line":260},"29":{"loc":{"start":{"line":268,"column":4},"end":{"line":270,"column":5}},"type":"if","locations":[{"start":{"line":268,"column":4},"end":{"line":270,"column":5}},{"start":{"line":268,"column":4},"end":{"line":270,"column":5}}],"line":268},"30":{"loc":{"start":{"line":317,"column":12},"end":{"line":319,"column":13}},"type":"if","locations":[{"start":{"line":317,"column":12},"end":{"line":319,"column":13}},{"start":{"line":317,"column":12},"end":{"line":319,"column":13}}],"line":317},"31":{"loc":{"start":{"line":330,"column":8},"end":{"line":334,"column":9}},"type":"if","locations":[{"start":{"line":330,"column":8},"end":{"line":334,"column":9}},{"start":{"line":330,"column":8},"end":{"line":334,"column":9}}],"line":330},"32":{"loc":{"start":{"line":338,"column":22},"end":{"line":338,"column":81}},"type":"cond-expr","locations":[{"start":{"line":338,"column":76},"end":{"line":338,"column":77}},{"start":{"line":338,"column":80},"end":{"line":338,"column":81}}],"line":338},"33":{"loc":{"start":{"line":351,"column":8},"end":{"line":358,"column":9}},"type":"if","locations":[{"start":{"line":351,"column":8},"end":{"line":358,"column":9}},{"start":{"line":351,"column":8},"end":{"line":358,"column":9}}],"line":351},"34":{"loc":{"start":{"line":353,"column":19},"end":{"line":353,"column":105}},"type":"binary-expr","locations":[{"start":{"line":353,"column":20},"end":{"line":353,"column":26}},{"start":{"line":353,"column":32},"end":{"line":353,"column":104}}],"line":353}},"s":{"0":3,"1":3,"2":3,"3":3,"4":3,"5":3,"6":3,"7":38,"8":38,"9":3,"10":0,"11":0,"12":0,"13":8,"14":1,"15":7,"16":1,"17":6,"18":3,"19":4,"20":1,"21":3,"22":3,"23":3,"24":1,"25":2,"26":2,"27":2,"28":0,"29":2,"30":2,"31":2,"32":0,"33":2,"34":3,"35":3,"36":1,"37":2,"38":2,"39":1,"40":1,"41":3,"42":4,"43":1,"44":3,"45":3,"46":1,"47":2,"48":2,"49":1,"50":1,"51":0,"52":3,"53":0,"54":0,"55":0,"56":15,"57":1,"58":14,"59":1,"60":13,"61":1,"62":12,"63":2,"64":10,"65":1,"66":9,"67":1,"68":8,"69":1,"70":7,"71":1,"72":6,"73":1,"74":5,"75":3,"76":4,"77":1,"78":3,"79":3,"80":1,"81":2,"82":3,"83":3,"84":1,"85":2,"86":2,"87":1,"88":1,"89":3,"90":3,"91":1,"92":2,"93":2,"94":1,"95":1,"96":3,"97":12,"98":9,"99":3,"100":3,"101":1,"102":2,"103":2,"104":0,"105":2,"106":3,"107":0,"108":0,"109":0,"110":3,"111":2,"112":2,"113":0,"114":2,"115":3,"116":1,"117":1,"118":0,"119":1,"120":1,"121":0,"122":1,"123":3,"124":1,"125":1,"126":0,"127":1,"128":3,"129":1,"130":1,"131":0,"132":1,"133":0,"134":0,"135":0,"136":0,"137":0,"138":0,"139":0,"140":0,"141":3,"142":0,"143":0,"144":0,"145":0,"146":0,"147":0,"148":0,"149":0,"150":0,"151":0,"152":0,"153":0,"154":0,"155":0,"156":0,"157":0,"158":0,"159":0,"160":0,"161":0,"162":0,"163":0,"164":0,"165":0,"166":0,"167":0,"168":0,"169":0,"170":0,"171":0,"172":0,"173":0,"174":0,"175":0,"176":0,"177":0,"178":0,"179":0,"180":0,"181":0,"182":0,"183":0,"184":0,"185":0,"186":0,"187":0,"188":0,"189":0,"190":0,"191":0,"192":0,"193":3},"f":{"0":38,"1":0,"2":8,"3":4,"4":3,"5":4,"6":0,"7":15,"8":4,"9":3,"10":3,"11":12,"12":0,"13":2,"14":1,"15":1,"16":1,"17":0,"18":0,"19":0},"b":{"0":[1,7],"1":[1,6],"2":[1,3],"3":[1,2],"4":[1,2],"5":[1,1],"6":[1,3],"7":[1,2],"8":[1,1],"9":[1,14],"10":[1,13],"11":[1,12],"12":[2,10],"13":[1,9],"14":[1,8],"15":[1,7],"16":[1,6],"17":[1,5],"18":[1,3],"19":[1,2],"20":[1,2],"21":[1,1],"22":[1,2],"23":[1,1],"24":[9,3],"25":[1,2],"26":[0,2],"27":[0,1],"28":[0,1],"29":[0,1],"30":[0,0],"31":[0,0],"32":[0,0],"33":[0,0],"34":[0,0]},"_coverageSchema":"1a1c01bbd47fc00a2c39e90264f33305004495a9","hash":"f2a2b241a4396dba8ae432fa2c6be40045675a79"}
,"/home/zyad/Desktop/321PROJECT/CPEN-321-Location-App/backend/server/__models__/Account.js": {"path":"/home/zyad/Desktop/321PROJECT/CPEN-321-Location-App/backend/server/__models__/Account.js","statementMap":{"0":{"start":{"line":1,"column":17},"end":{"line":1,"column":36}},"1":{"start":{"line":2,"column":15},"end":{"line":2,"column":30}},"2":{"start":{"line":4,"column":19},"end":{"line":11,"column":2}},"3":{"start":{"line":13,"column":0},"end":{"line":13,"column":54}}},"fnMap":{},"branchMap":{},"s":{"0":3,"1":3,"2":3,"3":3},"f":{},"b":{},"_coverageSchema":"1a1c01bbd47fc00a2c39e90264f33305004495a9","hash":"6261b51e7d819d9cbb221c1e6292a396cc42c0bf"}
,"/home/zyad/Desktop/321PROJECT/CPEN-321-Location-App/backend/server/__models__/Activity.js": {"path":"/home/zyad/Desktop/321PROJECT/CPEN-321-Location-App/backend/server/__models__/Activity.js","statementMap":{"0":{"start":{"line":1,"column":17},"end":{"line":1,"column":36}},"1":{"start":{"line":2,"column":15},"end":{"line":2,"column":30}},"2":{"start":{"line":3,"column":19},"end":{"line":15,"column":2}},"3":{"start":{"line":17,"column":0},"end":{"line":17,"column":55}}},"fnMap":{},"branchMap":{},"s":{"0":3,"1":3,"2":3,"3":3},"f":{},"b":{},"_coverageSchema":"1a1c01bbd47fc00a2c39e90264f33305004495a9","hash":"d26d3af250aee17d2dae6a2b3dd9485b4a17be34"}
,"/home/zyad/Desktop/321PROJECT/CPEN-321-Location-App/backend/server/__models__/Profile.js": {"path":"/home/zyad/Desktop/321PROJECT/CPEN-321-Location-App/backend/server/__models__/Profile.js","statementMap":{"0":{"start":{"line":1,"column":17},"end":{"line":1,"column":36}},"1":{"start":{"line":2,"column":15},"end":{"line":2,"column":30}},"2":{"start":{"line":3,"column":19},"end":{"line":13,"column":2}},"3":{"start":{"line":15,"column":0},"end":{"line":15,"column":54}}},"fnMap":{},"branchMap":{},"s":{"0":3,"1":3,"2":3,"3":3},"f":{},"b":{},"_coverageSchema":"1a1c01bbd47fc00a2c39e90264f33305004495a9","hash":"83ed1358640dcdb9af19875bef23fcd8f724cb91"}
,"/home/zyad/Desktop/321PROJECT/CPEN-321-Location-App/backend/server/__models__/models.js": {"path":"/home/zyad/Desktop/321PROJECT/CPEN-321-Location-App/backend/server/__models__/models.js","statementMap":{"0":{"start":{"line":1,"column":17},"end":{"line":1,"column":36}},"1":{"start":{"line":2,"column":14},"end":{"line":2,"column":34}},"2":{"start":{"line":3,"column":14},"end":{"line":3,"column":34}},"3":{"start":{"line":4,"column":15},"end":{"line":4,"column":36}},"4":{"start":{"line":6,"column":18},"end":{"line":6,"column":45}},"5":{"start":{"line":7,"column":18},"end":{"line":9,"column":1}},"6":{"start":{"line":8,"column":4},"end":{"line":8,"column":92}},"7":{"start":{"line":10,"column":21},"end":{"line":12,"column":1}},"8":{"start":{"line":11,"column":4},"end":{"line":11,"column":33}},"9":{"start":{"line":14,"column":0},"end":{"line":20,"column":1}}},"fnMap":{"0":{"name":"(anonymous_0)","decl":{"start":{"line":7,"column":18},"end":{"line":7,"column":19}},"loc":{"start":{"line":7,"column":24},"end":{"line":9,"column":1}},"line":7},"1":{"name":"(anonymous_1)","decl":{"start":{"line":10,"column":21},"end":{"line":10,"column":22}},"loc":{"start":{"line":10,"column":27},"end":{"line":12,"column":1}},"line":10}},"branchMap":{},"s":{"0":3,"1":3,"2":3,"3":3,"4":3,"5":3,"6":5,"7":3,"8":5,"9":3},"f":{"0":5,"1":5},"b":{},"_coverageSchema":"1a1c01bbd47fc00a2c39e90264f33305004495a9","hash":"189f61d22769ae50b5a2585c28f8ecdaad67bbfc"}
}
