{"/home/zyad/Desktop/321PROJECT/CPEN-321-Location-App/backend/server/app.js": {"path":"/home/zyad/Desktop/321PROJECT/CPEN-321-Location-App/backend/server/app.js","statementMap":{"0":{"start":{"line":1,"column":14},"end":{"line":1,"column":32}},"1":{"start":{"line":2,"column":13},"end":{"line":2,"column":32}},"2":{"start":{"line":3,"column":12},"end":{"line":3,"column":37}},"3":{"start":{"line":4,"column":12},"end":{"line":4,"column":28}},"4":{"start":{"line":5,"column":21},"end":{"line":5,"column":49}},"5":{"start":{"line":7,"column":14},"end":{"line":7,"column":52}},"6":{"start":{"line":8,"column":14},"end":{"line":8,"column":52}},"7":{"start":{"line":9,"column":15},"end":{"line":9,"column":54}},"8":{"start":{"line":11,"column":10},"end":{"line":11,"column":19}},"9":{"start":{"line":12,"column":0},"end":{"line":12,"column":23}},"10":{"start":{"line":16,"column":17},"end":{"line":20,"column":5}},"11":{"start":{"line":21,"column":4},"end":{"line":21,"column":16}},"12":{"start":{"line":28,"column":0},"end":{"line":31,"column":2}},"13":{"start":{"line":33,"column":0},"end":{"line":33,"column":28}},"14":{"start":{"line":35,"column":29},"end":{"line":38,"column":1}},"15":{"start":{"line":41,"column":0},"end":{"line":43,"column":3}},"16":{"start":{"line":42,"column":4},"end":{"line":42,"column":31}},"17":{"start":{"line":45,"column":0},"end":{"line":58,"column":2}},"18":{"start":{"line":46,"column":30},"end":{"line":46,"column":56}},"19":{"start":{"line":47,"column":20},"end":{"line":47,"column":36}},"20":{"start":{"line":48,"column":21},"end":{"line":48,"column":41}},"21":{"start":{"line":51,"column":4},"end":{"line":57,"column":7}},"22":{"start":{"line":53,"column":8},"end":{"line":53,"column":62}},"23":{"start":{"line":56,"column":8},"end":{"line":56,"column":27}},"24":{"start":{"line":65,"column":0},"end":{"line":69,"column":3}},"25":{"start":{"line":66,"column":17},"end":{"line":66,"column":19}},"26":{"start":{"line":67,"column":17},"end":{"line":67,"column":44}},"27":{"start":{"line":68,"column":4},"end":{"line":68,"column":27}},"28":{"start":{"line":72,"column":4},"end":{"line":74,"column":5}},"29":{"start":{"line":73,"column":8},"end":{"line":73,"column":21}},"30":{"start":{"line":75,"column":4},"end":{"line":77,"column":5}},"31":{"start":{"line":76,"column":8},"end":{"line":76,"column":21}},"32":{"start":{"line":78,"column":4},"end":{"line":78,"column":16}},"33":{"start":{"line":82,"column":0},"end":{"line":117,"column":3}},"34":{"start":{"line":85,"column":4},"end":{"line":87,"column":5}},"35":{"start":{"line":86,"column":8},"end":{"line":86,"column":93}},"36":{"start":{"line":89,"column":4},"end":{"line":89,"column":17}},"37":{"start":{"line":90,"column":19},"end":{"line":90,"column":73}},"38":{"start":{"line":91,"column":4},"end":{"line":93,"column":5}},"39":{"start":{"line":92,"column":8},"end":{"line":92,"column":92}},"40":{"start":{"line":98,"column":4},"end":{"line":103,"column":5}},"41":{"start":{"line":99,"column":8},"end":{"line":99,"column":38}},"42":{"start":{"line":100,"column":8},"end":{"line":100,"column":68}},"43":{"start":{"line":102,"column":8},"end":{"line":102,"column":38}},"44":{"start":{"line":105,"column":17},"end":{"line":108,"column":5}},"45":{"start":{"line":111,"column":4},"end":{"line":115,"column":5}},"46":{"start":{"line":112,"column":8},"end":{"line":112,"column":35}},"47":{"start":{"line":114,"column":8},"end":{"line":114,"column":58}},"48":{"start":{"line":116,"column":4},"end":{"line":116,"column":96}},"49":{"start":{"line":119,"column":0},"end":{"line":144,"column":3}},"50":{"start":{"line":120,"column":4},"end":{"line":122,"column":5}},"51":{"start":{"line":121,"column":8},"end":{"line":121,"column":93}},"52":{"start":{"line":126,"column":4},"end":{"line":131,"column":5}},"53":{"start":{"line":127,"column":8},"end":{"line":127,"column":38}},"54":{"start":{"line":128,"column":8},"end":{"line":128,"column":68}},"55":{"start":{"line":130,"column":8},"end":{"line":130,"column":38}},"56":{"start":{"line":133,"column":17},"end":{"line":136,"column":5}},"57":{"start":{"line":138,"column":19},"end":{"line":138,"column":75}},"58":{"start":{"line":140,"column":4},"end":{"line":142,"column":5}},"59":{"start":{"line":141,"column":8},"end":{"line":141,"column":93}},"60":{"start":{"line":143,"column":4},"end":{"line":143,"column":93}},"61":{"start":{"line":146,"column":0},"end":{"line":155,"column":2}},"62":{"start":{"line":147,"column":4},"end":{"line":149,"column":5}},"63":{"start":{"line":148,"column":8},"end":{"line":148,"column":93}},"64":{"start":{"line":150,"column":19},"end":{"line":150,"column":68}},"65":{"start":{"line":151,"column":4},"end":{"line":153,"column":5}},"66":{"start":{"line":152,"column":8},"end":{"line":152,"column":93}},"67":{"start":{"line":154,"column":4},"end":{"line":154,"column":93}},"68":{"start":{"line":158,"column":0},"end":{"line":176,"column":3}},"69":{"start":{"line":159,"column":4},"end":{"line":161,"column":5}},"70":{"start":{"line":160,"column":8},"end":{"line":160,"column":93}},"71":{"start":{"line":163,"column":19},"end":{"line":163,"column":73}},"72":{"start":{"line":164,"column":4},"end":{"line":166,"column":5}},"73":{"start":{"line":165,"column":8},"end":{"line":165,"column":93}},"74":{"start":{"line":167,"column":4},"end":{"line":175,"column":5}},"75":{"start":{"line":168,"column":8},"end":{"line":172,"column":9}},"76":{"start":{"line":169,"column":12},"end":{"line":169,"column":98}},"77":{"start":{"line":171,"column":12},"end":{"line":171,"column":90}},"78":{"start":{"line":174,"column":8},"end":{"line":174,"column":64}},"79":{"start":{"line":183,"column":0},"end":{"line":187,"column":3}},"80":{"start":{"line":184,"column":17},"end":{"line":184,"column":19}},"81":{"start":{"line":185,"column":17},"end":{"line":185,"column":44}},"82":{"start":{"line":186,"column":4},"end":{"line":186,"column":27}},"83":{"start":{"line":190,"column":4},"end":{"line":192,"column":5}},"84":{"start":{"line":191,"column":8},"end":{"line":191,"column":21}},"85":{"start":{"line":193,"column":4},"end":{"line":195,"column":5}},"86":{"start":{"line":194,"column":8},"end":{"line":194,"column":21}},"87":{"start":{"line":196,"column":4},"end":{"line":198,"column":5}},"88":{"start":{"line":197,"column":8},"end":{"line":197,"column":21}},"89":{"start":{"line":199,"column":4},"end":{"line":201,"column":5}},"90":{"start":{"line":200,"column":8},"end":{"line":200,"column":21}},"91":{"start":{"line":202,"column":4},"end":{"line":204,"column":5}},"92":{"start":{"line":203,"column":8},"end":{"line":203,"column":21}},"93":{"start":{"line":205,"column":4},"end":{"line":207,"column":5}},"94":{"start":{"line":206,"column":8},"end":{"line":206,"column":21}},"95":{"start":{"line":208,"column":4},"end":{"line":210,"column":5}},"96":{"start":{"line":209,"column":8},"end":{"line":209,"column":21}},"97":{"start":{"line":211,"column":4},"end":{"line":213,"column":5}},"98":{"start":{"line":212,"column":8},"end":{"line":212,"column":21}},"99":{"start":{"line":214,"column":4},"end":{"line":216,"column":5}},"100":{"start":{"line":215,"column":8},"end":{"line":215,"column":21}},"101":{"start":{"line":217,"column":4},"end":{"line":217,"column":16}},"102":{"start":{"line":221,"column":0},"end":{"line":230,"column":3}},"103":{"start":{"line":222,"column":4},"end":{"line":224,"column":5}},"104":{"start":{"line":223,"column":8},"end":{"line":223,"column":81}},"105":{"start":{"line":225,"column":19},"end":{"line":225,"column":81}},"106":{"start":{"line":226,"column":4},"end":{"line":228,"column":5}},"107":{"start":{"line":227,"column":8},"end":{"line":227,"column":81}},"108":{"start":{"line":229,"column":4},"end":{"line":229,"column":80}},"109":{"start":{"line":233,"column":0},"end":{"line":242,"column":3}},"110":{"start":{"line":234,"column":4},"end":{"line":236,"column":5}},"111":{"start":{"line":235,"column":8},"end":{"line":235,"column":81}},"112":{"start":{"line":237,"column":19},"end":{"line":237,"column":87}},"113":{"start":{"line":238,"column":4},"end":{"line":240,"column":5}},"114":{"start":{"line":239,"column":8},"end":{"line":239,"column":81}},"115":{"start":{"line":241,"column":4},"end":{"line":241,"column":86}},"116":{"start":{"line":244,"column":0},"end":{"line":254,"column":2}},"117":{"start":{"line":245,"column":4},"end":{"line":247,"column":5}},"118":{"start":{"line":246,"column":8},"end":{"line":246,"column":81}},"119":{"start":{"line":249,"column":19},"end":{"line":249,"column":76}},"120":{"start":{"line":250,"column":4},"end":{"line":252,"column":5}},"121":{"start":{"line":251,"column":8},"end":{"line":251,"column":81}},"122":{"start":{"line":253,"column":4},"end":{"line":253,"column":86}},"123":{"start":{"line":257,"column":0},"end":{"line":269,"column":3}},"124":{"start":{"line":259,"column":4},"end":{"line":261,"column":5}},"125":{"start":{"line":260,"column":8},"end":{"line":260,"column":81}},"126":{"start":{"line":262,"column":19},"end":{"line":262,"column":81}},"127":{"start":{"line":263,"column":4},"end":{"line":265,"column":5}},"128":{"start":{"line":264,"column":8},"end":{"line":264,"column":81}},"129":{"start":{"line":267,"column":4},"end":{"line":267,"column":35}},"130":{"start":{"line":268,"column":4},"end":{"line":268,"column":85}},"131":{"start":{"line":272,"column":0},"end":{"line":288,"column":3}},"132":{"start":{"line":273,"column":4},"end":{"line":275,"column":5}},"133":{"start":{"line":274,"column":8},"end":{"line":274,"column":81}},"134":{"start":{"line":276,"column":19},"end":{"line":276,"column":81}},"135":{"start":{"line":277,"column":4},"end":{"line":279,"column":5}},"136":{"start":{"line":278,"column":8},"end":{"line":278,"column":77}},"137":{"start":{"line":281,"column":4},"end":{"line":283,"column":5}},"138":{"start":{"line":282,"column":8},"end":{"line":282,"column":88}},"139":{"start":{"line":284,"column":4},"end":{"line":284,"column":31}},"140":{"start":{"line":285,"column":4},"end":{"line":285,"column":39}},"141":{"start":{"line":286,"column":17},"end":{"line":286,"column":85}},"142":{"start":{"line":287,"column":4},"end":{"line":287,"column":79}},"143":{"start":{"line":290,"column":0},"end":{"line":311,"column":3}},"144":{"start":{"line":291,"column":4},"end":{"line":293,"column":5}},"145":{"start":{"line":292,"column":8},"end":{"line":292,"column":81}},"146":{"start":{"line":294,"column":19},"end":{"line":294,"column":81}},"147":{"start":{"line":295,"column":4},"end":{"line":297,"column":5}},"148":{"start":{"line":296,"column":8},"end":{"line":296,"column":77}},"149":{"start":{"line":299,"column":4},"end":{"line":301,"column":5}},"150":{"start":{"line":300,"column":8},"end":{"line":300,"column":84}},"151":{"start":{"line":303,"column":4},"end":{"line":305,"column":5}},"152":{"start":{"line":304,"column":8},"end":{"line":304,"column":86}},"153":{"start":{"line":307,"column":4},"end":{"line":307,"column":32}},"154":{"start":{"line":308,"column":4},"end":{"line":308,"column":31}},"155":{"start":{"line":309,"column":17},"end":{"line":309,"column":85}},"156":{"start":{"line":310,"column":4},"end":{"line":310,"column":90}},"157":{"start":{"line":319,"column":0},"end":{"line":323,"column":3}},"158":{"start":{"line":320,"column":17},"end":{"line":320,"column":19}},"159":{"start":{"line":321,"column":17},"end":{"line":321,"column":45}},"160":{"start":{"line":322,"column":4},"end":{"line":322,"column":27}},"161":{"start":{"line":326,"column":4},"end":{"line":328,"column":5}},"162":{"start":{"line":327,"column":8},"end":{"line":327,"column":21}},"163":{"start":{"line":329,"column":4},"end":{"line":331,"column":5}},"164":{"start":{"line":330,"column":8},"end":{"line":330,"column":21}},"165":{"start":{"line":332,"column":4},"end":{"line":334,"column":5}},"166":{"start":{"line":333,"column":8},"end":{"line":333,"column":21}},"167":{"start":{"line":335,"column":4},"end":{"line":337,"column":5}},"168":{"start":{"line":336,"column":8},"end":{"line":336,"column":21}},"169":{"start":{"line":338,"column":4},"end":{"line":340,"column":5}},"170":{"start":{"line":339,"column":8},"end":{"line":339,"column":21}},"171":{"start":{"line":341,"column":4},"end":{"line":343,"column":5}},"172":{"start":{"line":342,"column":8},"end":{"line":342,"column":21}},"173":{"start":{"line":344,"column":4},"end":{"line":346,"column":5}},"174":{"start":{"line":345,"column":8},"end":{"line":345,"column":21}},"175":{"start":{"line":347,"column":4},"end":{"line":349,"column":5}},"176":{"start":{"line":348,"column":8},"end":{"line":348,"column":21}},"177":{"start":{"line":350,"column":4},"end":{"line":352,"column":5}},"178":{"start":{"line":351,"column":8},"end":{"line":351,"column":21}},"179":{"start":{"line":353,"column":4},"end":{"line":355,"column":5}},"180":{"start":{"line":354,"column":8},"end":{"line":354,"column":21}},"181":{"start":{"line":356,"column":4},"end":{"line":358,"column":5}},"182":{"start":{"line":357,"column":8},"end":{"line":357,"column":21}},"183":{"start":{"line":359,"column":4},"end":{"line":359,"column":16}},"184":{"start":{"line":363,"column":0},"end":{"line":372,"column":3}},"185":{"start":{"line":364,"column":4},"end":{"line":366,"column":5}},"186":{"start":{"line":365,"column":8},"end":{"line":365,"column":81}},"187":{"start":{"line":367,"column":19},"end":{"line":367,"column":72}},"188":{"start":{"line":368,"column":4},"end":{"line":370,"column":5}},"189":{"start":{"line":369,"column":8},"end":{"line":369,"column":81}},"190":{"start":{"line":371,"column":4},"end":{"line":371,"column":84}},"191":{"start":{"line":375,"column":0},"end":{"line":386,"column":3}},"192":{"start":{"line":376,"column":4},"end":{"line":378,"column":5}},"193":{"start":{"line":377,"column":8},"end":{"line":377,"column":81}},"194":{"start":{"line":379,"column":19},"end":{"line":379,"column":72}},"195":{"start":{"line":380,"column":4},"end":{"line":382,"column":5}},"196":{"start":{"line":381,"column":8},"end":{"line":381,"column":74}},"197":{"start":{"line":384,"column":4},"end":{"line":384,"column":36}},"198":{"start":{"line":385,"column":4},"end":{"line":385,"column":79}},"199":{"start":{"line":388,"column":0},"end":{"line":406,"column":3}},"200":{"start":{"line":389,"column":4},"end":{"line":391,"column":5}},"201":{"start":{"line":390,"column":8},"end":{"line":390,"column":81}},"202":{"start":{"line":392,"column":19},"end":{"line":392,"column":72}},"203":{"start":{"line":393,"column":4},"end":{"line":395,"column":5}},"204":{"start":{"line":394,"column":8},"end":{"line":394,"column":74}},"205":{"start":{"line":397,"column":4},"end":{"line":397,"column":76}},"206":{"start":{"line":398,"column":4},"end":{"line":400,"column":5}},"207":{"start":{"line":399,"column":8},"end":{"line":399,"column":79}},"208":{"start":{"line":401,"column":4},"end":{"line":403,"column":5}},"209":{"start":{"line":402,"column":8},"end":{"line":402,"column":82}},"210":{"start":{"line":404,"column":4},"end":{"line":404,"column":36}},"211":{"start":{"line":405,"column":4},"end":{"line":405,"column":79}},"212":{"start":{"line":409,"column":0},"end":{"line":420,"column":3}},"213":{"start":{"line":410,"column":4},"end":{"line":412,"column":5}},"214":{"start":{"line":411,"column":8},"end":{"line":411,"column":81}},"215":{"start":{"line":413,"column":19},"end":{"line":413,"column":72}},"216":{"start":{"line":414,"column":4},"end":{"line":416,"column":5}},"217":{"start":{"line":415,"column":8},"end":{"line":415,"column":74}},"218":{"start":{"line":418,"column":4},"end":{"line":418,"column":36}},"219":{"start":{"line":419,"column":4},"end":{"line":419,"column":79}},"220":{"start":{"line":423,"column":0},"end":{"line":432,"column":3}},"221":{"start":{"line":424,"column":4},"end":{"line":426,"column":5}},"222":{"start":{"line":425,"column":8},"end":{"line":425,"column":81}},"223":{"start":{"line":427,"column":19},"end":{"line":427,"column":78}},"224":{"start":{"line":428,"column":4},"end":{"line":430,"column":5}},"225":{"start":{"line":429,"column":8},"end":{"line":429,"column":81}},"226":{"start":{"line":431,"column":4},"end":{"line":431,"column":82}},"227":{"start":{"line":434,"column":0},"end":{"line":445,"column":3}},"228":{"start":{"line":435,"column":4},"end":{"line":437,"column":5}},"229":{"start":{"line":436,"column":8},"end":{"line":436,"column":81}},"230":{"start":{"line":438,"column":19},"end":{"line":438,"column":72}},"231":{"start":{"line":439,"column":4},"end":{"line":441,"column":5}},"232":{"start":{"line":440,"column":8},"end":{"line":440,"column":81}},"233":{"start":{"line":442,"column":4},"end":{"line":442,"column":43}},"234":{"start":{"line":443,"column":17},"end":{"line":443,"column":76}},"235":{"start":{"line":444,"column":4},"end":{"line":444,"column":83}},"236":{"start":{"line":447,"column":0},"end":{"line":471,"column":3}},"237":{"start":{"line":448,"column":4},"end":{"line":450,"column":5}},"238":{"start":{"line":449,"column":8},"end":{"line":449,"column":81}},"239":{"start":{"line":451,"column":19},"end":{"line":451,"column":72}},"240":{"start":{"line":452,"column":4},"end":{"line":454,"column":5}},"241":{"start":{"line":453,"column":8},"end":{"line":453,"column":81}},"242":{"start":{"line":457,"column":4},"end":{"line":463,"column":5}},"243":{"start":{"line":458,"column":18},"end":{"line":458,"column":75}},"244":{"start":{"line":459,"column":8},"end":{"line":460,"column":34}},"245":{"start":{"line":462,"column":8},"end":{"line":462,"column":70}},"246":{"start":{"line":464,"column":4},"end":{"line":470,"column":5}},"247":{"start":{"line":465,"column":8},"end":{"line":465,"column":51}},"248":{"start":{"line":466,"column":21},"end":{"line":466,"column":80}},"249":{"start":{"line":467,"column":8},"end":{"line":467,"column":87}},"250":{"start":{"line":469,"column":8},"end":{"line":469,"column":44}},"251":{"start":{"line":473,"column":0},"end":{"line":498,"column":3}},"252":{"start":{"line":474,"column":4},"end":{"line":476,"column":5}},"253":{"start":{"line":475,"column":8},"end":{"line":475,"column":81}},"254":{"start":{"line":477,"column":19},"end":{"line":477,"column":72}},"255":{"start":{"line":478,"column":4},"end":{"line":480,"column":5}},"256":{"start":{"line":479,"column":8},"end":{"line":479,"column":81}},"257":{"start":{"line":483,"column":4},"end":{"line":489,"column":5}},"258":{"start":{"line":484,"column":18},"end":{"line":484,"column":76}},"259":{"start":{"line":485,"column":8},"end":{"line":486,"column":34}},"260":{"start":{"line":488,"column":8},"end":{"line":488,"column":70}},"261":{"start":{"line":491,"column":4},"end":{"line":497,"column":5}},"262":{"start":{"line":492,"column":8},"end":{"line":492,"column":85}},"263":{"start":{"line":492,"column":60},"end":{"line":492,"column":83}},"264":{"start":{"line":493,"column":21},"end":{"line":493,"column":80}},"265":{"start":{"line":494,"column":8},"end":{"line":494,"column":85}},"266":{"start":{"line":496,"column":8},"end":{"line":496,"column":44}},"267":{"start":{"line":500,"column":0},"end":{"line":509,"column":2}},"268":{"start":{"line":501,"column":4},"end":{"line":503,"column":5}},"269":{"start":{"line":502,"column":8},"end":{"line":502,"column":81}},"270":{"start":{"line":504,"column":19},"end":{"line":504,"column":67}},"271":{"start":{"line":505,"column":4},"end":{"line":507,"column":5}},"272":{"start":{"line":506,"column":8},"end":{"line":506,"column":81}},"273":{"start":{"line":508,"column":4},"end":{"line":508,"column":82}},"274":{"start":{"line":513,"column":12},"end":{"line":513,"column":16}},"275":{"start":{"line":514,"column":15},"end":{"line":514,"column":33}},"276":{"start":{"line":515,"column":15},"end":{"line":515,"column":33}},"277":{"start":{"line":517,"column":6},"end":{"line":519,"column":41}},"278":{"start":{"line":521,"column":12},"end":{"line":521,"column":56}},"279":{"start":{"line":522,"column":12},"end":{"line":522,"column":17}},"280":{"start":{"line":523,"column":4},"end":{"line":523,"column":13}},"281":{"start":{"line":527,"column":4},"end":{"line":527,"column":30}},"282":{"start":{"line":530,"column":11},"end":{"line":530,"column":12}},"283":{"start":{"line":532,"column":4},"end":{"line":546,"column":5}},"284":{"start":{"line":533,"column":8},"end":{"line":536,"column":9}},"285":{"start":{"line":534,"column":12},"end":{"line":534,"column":20}},"286":{"start":{"line":535,"column":12},"end":{"line":535,"column":25}},"287":{"start":{"line":537,"column":8},"end":{"line":540,"column":9}},"288":{"start":{"line":538,"column":12},"end":{"line":538,"column":20}},"289":{"start":{"line":539,"column":12},"end":{"line":539,"column":25}},"290":{"start":{"line":542,"column":8},"end":{"line":545,"column":9}},"291":{"start":{"line":543,"column":12},"end":{"line":543,"column":20}},"292":{"start":{"line":544,"column":12},"end":{"line":544,"column":25}},"293":{"start":{"line":547,"column":4},"end":{"line":550,"column":5}},"294":{"start":{"line":548,"column":8},"end":{"line":548,"column":16}},"295":{"start":{"line":549,"column":8},"end":{"line":549,"column":21}},"296":{"start":{"line":551,"column":4},"end":{"line":554,"column":5}},"297":{"start":{"line":552,"column":8},"end":{"line":552,"column":17}},"298":{"start":{"line":553,"column":8},"end":{"line":553,"column":21}},"299":{"start":{"line":555,"column":4},"end":{"line":558,"column":5}},"300":{"start":{"line":556,"column":8},"end":{"line":556,"column":17}},"301":{"start":{"line":557,"column":8},"end":{"line":557,"column":21}},"302":{"start":{"line":559,"column":4},"end":{"line":562,"column":5}},"303":{"start":{"line":560,"column":8},"end":{"line":560,"column":17}},"304":{"start":{"line":561,"column":8},"end":{"line":561,"column":21}},"305":{"start":{"line":563,"column":4},"end":{"line":566,"column":5}},"306":{"start":{"line":564,"column":8},"end":{"line":564,"column":17}},"307":{"start":{"line":565,"column":8},"end":{"line":565,"column":21}},"308":{"start":{"line":567,"column":4},"end":{"line":570,"column":5}},"309":{"start":{"line":568,"column":8},"end":{"line":568,"column":17}},"310":{"start":{"line":569,"column":8},"end":{"line":569,"column":21}},"311":{"start":{"line":571,"column":4},"end":{"line":571,"column":16}},"312":{"start":{"line":574,"column":0},"end":{"line":584,"column":3}},"313":{"start":{"line":575,"column":17},"end":{"line":575,"column":45}},"314":{"start":{"line":578,"column":4},"end":{"line":580,"column":5}},"315":{"start":{"line":579,"column":8},"end":{"line":579,"column":81}},"316":{"start":{"line":582,"column":15},"end":{"line":582,"column":28}},"317":{"start":{"line":583,"column":4},"end":{"line":583,"column":55}},"318":{"start":{"line":587,"column":28},"end":{"line":587,"column":30}},"319":{"start":{"line":588,"column":31},"end":{"line":588,"column":33}},"320":{"start":{"line":589,"column":10},"end":{"line":589,"column":11}},"321":{"start":{"line":591,"column":18},"end":{"line":591,"column":34}},"322":{"start":{"line":592,"column":19},"end":{"line":592,"column":36}},"323":{"start":{"line":593,"column":20},"end":{"line":593,"column":38}},"324":{"start":{"line":594,"column":25},"end":{"line":594,"column":48}},"325":{"start":{"line":595,"column":24},"end":{"line":595,"column":46}},"326":{"start":{"line":596,"column":22},"end":{"line":596,"column":42}},"327":{"start":{"line":598,"column":4},"end":{"line":632,"column":5}},"328":{"start":{"line":599,"column":8},"end":{"line":599,"column":36}},"329":{"start":{"line":600,"column":30},"end":{"line":600,"column":42}},"330":{"start":{"line":603,"column":27},"end":{"line":603,"column":28}},"331":{"start":{"line":604,"column":8},"end":{"line":609,"column":9}},"332":{"start":{"line":605,"column":33},"end":{"line":605,"column":65}},"333":{"start":{"line":606,"column":12},"end":{"line":608,"column":13}},"334":{"start":{"line":607,"column":16},"end":{"line":607,"column":34}},"335":{"start":{"line":610,"column":8},"end":{"line":610,"column":95}},"336":{"start":{"line":613,"column":29},"end":{"line":613,"column":30}},"337":{"start":{"line":614,"column":19},"end":{"line":615,"column":90}},"338":{"start":{"line":616,"column":8},"end":{"line":616,"column":84}},"339":{"start":{"line":617,"column":8},"end":{"line":621,"column":9}},"340":{"start":{"line":620,"column":12},"end":{"line":620,"column":21}},"341":{"start":{"line":624,"column":26},"end":{"line":624,"column":27}},"342":{"start":{"line":625,"column":8},"end":{"line":625,"column":82}},"343":{"start":{"line":628,"column":26},"end":{"line":628,"column":27}},"344":{"start":{"line":629,"column":8},"end":{"line":629,"column":116}},"345":{"start":{"line":630,"column":8},"end":{"line":630,"column":76}},"346":{"start":{"line":631,"column":8},"end":{"line":631,"column":48}},"347":{"start":{"line":642,"column":4},"end":{"line":642,"column":144}},"348":{"start":{"line":642,"column":37},"end":{"line":642,"column":142}},"349":{"start":{"line":643,"column":4},"end":{"line":643,"column":29}},"350":{"start":{"line":648,"column":0},"end":{"line":675,"column":3}},"351":{"start":{"line":649,"column":17},"end":{"line":649,"column":45}},"352":{"start":{"line":652,"column":4},"end":{"line":654,"column":5}},"353":{"start":{"line":653,"column":8},"end":{"line":653,"column":81}},"354":{"start":{"line":656,"column":21},"end":{"line":656,"column":38}},"355":{"start":{"line":658,"column":19},"end":{"line":660,"column":5}},"356":{"start":{"line":662,"column":4},"end":{"line":668,"column":5}},"357":{"start":{"line":663,"column":18},"end":{"line":663,"column":77}},"358":{"start":{"line":664,"column":8},"end":{"line":665,"column":34}},"359":{"start":{"line":667,"column":8},"end":{"line":667,"column":70}},"360":{"start":{"line":670,"column":4},"end":{"line":672,"column":5}},"361":{"start":{"line":671,"column":8},"end":{"line":671,"column":41}},"362":{"start":{"line":673,"column":15},"end":{"line":673,"column":36}},"363":{"start":{"line":674,"column":4},"end":{"line":674,"column":56}},"364":{"start":{"line":677,"column":0},"end":{"line":680,"column":1}}},"fnMap":{"0":{"name":"formatResponse","decl":{"start":{"line":15,"column":9},"end":{"line":15,"column":23}},"loc":{"start":{"line":15,"column":49},"end":{"line":22,"column":1}},"line":15},"1":{"name":"(anonymous_1)","decl":{"start":{"line":41,"column":23},"end":{"line":41,"column":24}},"loc":{"start":{"line":41,"column":36},"end":{"line":43,"column":1}},"line":41},"2":{"name":"(anonymous_2)","decl":{"start":{"line":45,"column":35},"end":{"line":45,"column":36}},"loc":{"start":{"line":45,"column":47},"end":{"line":58,"column":1}},"line":45},"3":{"name":"(anonymous_3)","decl":{"start":{"line":52,"column":11},"end":{"line":52,"column":12}},"loc":{"start":{"line":52,"column":23},"end":{"line":54,"column":5}},"line":52},"4":{"name":"(anonymous_4)","decl":{"start":{"line":55,"column":12},"end":{"line":55,"column":13}},"loc":{"start":{"line":55,"column":21},"end":{"line":57,"column":5}},"line":55},"5":{"name":"(anonymous_5)","decl":{"start":{"line":65,"column":22},"end":{"line":65,"column":23}},"loc":{"start":{"line":65,"column":42},"end":{"line":69,"column":1}},"line":65},"6":{"name":"userIsGoodRequest","decl":{"start":{"line":71,"column":9},"end":{"line":71,"column":26}},"loc":{"start":{"line":71,"column":32},"end":{"line":79,"column":1}},"line":71},"7":{"name":"(anonymous_7)","decl":{"start":{"line":82,"column":28},"end":{"line":82,"column":29}},"loc":{"start":{"line":82,"column":48},"end":{"line":117,"column":1}},"line":82},"8":{"name":"(anonymous_8)","decl":{"start":{"line":119,"column":26},"end":{"line":119,"column":27}},"loc":{"start":{"line":119,"column":46},"end":{"line":144,"column":1}},"line":119},"9":{"name":"(anonymous_9)","decl":{"start":{"line":146,"column":26},"end":{"line":146,"column":27}},"loc":{"start":{"line":146,"column":44},"end":{"line":155,"column":1}},"line":146},"10":{"name":"(anonymous_10)","decl":{"start":{"line":158,"column":25},"end":{"line":158,"column":26}},"loc":{"start":{"line":158,"column":45},"end":{"line":176,"column":1}},"line":158},"11":{"name":"(anonymous_11)","decl":{"start":{"line":183,"column":25},"end":{"line":183,"column":26}},"loc":{"start":{"line":183,"column":45},"end":{"line":187,"column":1}},"line":183},"12":{"name":"profileIsGoodRequest","decl":{"start":{"line":189,"column":9},"end":{"line":189,"column":29}},"loc":{"start":{"line":189,"column":35},"end":{"line":218,"column":1}},"line":189},"13":{"name":"(anonymous_13)","decl":{"start":{"line":221,"column":29},"end":{"line":221,"column":30}},"loc":{"start":{"line":221,"column":49},"end":{"line":230,"column":1}},"line":221},"14":{"name":"(anonymous_14)","decl":{"start":{"line":233,"column":29},"end":{"line":233,"column":30}},"loc":{"start":{"line":233,"column":49},"end":{"line":242,"column":1}},"line":233},"15":{"name":"(anonymous_15)","decl":{"start":{"line":244,"column":29},"end":{"line":244,"column":30}},"loc":{"start":{"line":244,"column":47},"end":{"line":254,"column":1}},"line":244},"16":{"name":"(anonymous_16)","decl":{"start":{"line":257,"column":26},"end":{"line":257,"column":27}},"loc":{"start":{"line":257,"column":46},"end":{"line":269,"column":1}},"line":257},"17":{"name":"(anonymous_17)","decl":{"start":{"line":272,"column":26},"end":{"line":272,"column":27}},"loc":{"start":{"line":272,"column":42},"end":{"line":288,"column":1}},"line":272},"18":{"name":"(anonymous_18)","decl":{"start":{"line":290,"column":27},"end":{"line":290,"column":28}},"loc":{"start":{"line":290,"column":43},"end":{"line":311,"column":1}},"line":290},"19":{"name":"(anonymous_19)","decl":{"start":{"line":319,"column":27},"end":{"line":319,"column":28}},"loc":{"start":{"line":319,"column":47},"end":{"line":323,"column":1}},"line":319},"20":{"name":"activityIsGoodRequest","decl":{"start":{"line":325,"column":9},"end":{"line":325,"column":30}},"loc":{"start":{"line":325,"column":36},"end":{"line":360,"column":1}},"line":325},"21":{"name":"(anonymous_21)","decl":{"start":{"line":363,"column":31},"end":{"line":363,"column":32}},"loc":{"start":{"line":363,"column":51},"end":{"line":372,"column":1}},"line":363},"22":{"name":"(anonymous_22)","decl":{"start":{"line":375,"column":28},"end":{"line":375,"column":29}},"loc":{"start":{"line":375,"column":48},"end":{"line":386,"column":1}},"line":375},"23":{"name":"(anonymous_23)","decl":{"start":{"line":388,"column":34},"end":{"line":388,"column":35}},"loc":{"start":{"line":388,"column":54},"end":{"line":406,"column":1}},"line":388},"24":{"name":"(anonymous_24)","decl":{"start":{"line":409,"column":35},"end":{"line":409,"column":36}},"loc":{"start":{"line":409,"column":55},"end":{"line":420,"column":1}},"line":409},"25":{"name":"(anonymous_25)","decl":{"start":{"line":423,"column":31},"end":{"line":423,"column":32}},"loc":{"start":{"line":423,"column":51},"end":{"line":432,"column":1}},"line":423},"26":{"name":"(anonymous_26)","decl":{"start":{"line":434,"column":28},"end":{"line":434,"column":29}},"loc":{"start":{"line":434,"column":44},"end":{"line":445,"column":1}},"line":434},"27":{"name":"(anonymous_27)","decl":{"start":{"line":447,"column":34},"end":{"line":447,"column":35}},"loc":{"start":{"line":447,"column":50},"end":{"line":471,"column":1}},"line":447},"28":{"name":"(anonymous_28)","decl":{"start":{"line":473,"column":35},"end":{"line":473,"column":36}},"loc":{"start":{"line":473,"column":51},"end":{"line":498,"column":1}},"line":473},"29":{"name":"(anonymous_29)","decl":{"start":{"line":492,"column":55},"end":{"line":492,"column":56}},"loc":{"start":{"line":492,"column":60},"end":{"line":492,"column":83}},"line":492},"30":{"name":"(anonymous_30)","decl":{"start":{"line":500,"column":31},"end":{"line":500,"column":32}},"loc":{"start":{"line":500,"column":49},"end":{"line":509,"column":1}},"line":500},"31":{"name":"getDistanceFromLatLonInKm","decl":{"start":{"line":512,"column":9},"end":{"line":512,"column":34}},"loc":{"start":{"line":512,"column":56},"end":{"line":524,"column":1}},"line":512},"32":{"name":"deg2rad","decl":{"start":{"line":526,"column":9},"end":{"line":526,"column":16}},"loc":{"start":{"line":526,"column":22},"end":{"line":528,"column":1}},"line":526},"33":{"name":"isGoodSortRequest","decl":{"start":{"line":531,"column":9},"end":{"line":531,"column":26}},"loc":{"start":{"line":531,"column":43},"end":{"line":572,"column":1}},"line":531},"34":{"name":"(anonymous_34)","decl":{"start":{"line":574,"column":29},"end":{"line":574,"column":30}},"loc":{"start":{"line":574,"column":49},"end":{"line":584,"column":1}},"line":574},"35":{"name":"sort_activities","decl":{"start":{"line":586,"column":9},"end":{"line":586,"column":24}},"loc":{"start":{"line":586,"column":43},"end":{"line":644,"column":1}},"line":586},"36":{"name":"(anonymous_36)","decl":{"start":{"line":642,"column":27},"end":{"line":642,"column":28}},"loc":{"start":{"line":642,"column":37},"end":{"line":642,"column":142}},"line":642},"37":{"name":"(anonymous_37)","decl":{"start":{"line":648,"column":35},"end":{"line":648,"column":36}},"loc":{"start":{"line":648,"column":55},"end":{"line":675,"column":1}},"line":648}},"branchMap":{"0":{"loc":{"start":{"line":72,"column":4},"end":{"line":74,"column":5}},"type":"if","locations":[{"start":{"line":72,"column":4},"end":{"line":74,"column":5}},{"start":{"line":72,"column":4},"end":{"line":74,"column":5}}],"line":72},"1":{"loc":{"start":{"line":75,"column":4},"end":{"line":77,"column":5}},"type":"if","locations":[{"start":{"line":75,"column":4},"end":{"line":77,"column":5}},{"start":{"line":75,"column":4},"end":{"line":77,"column":5}}],"line":75},"2":{"loc":{"start":{"line":85,"column":4},"end":{"line":87,"column":5}},"type":"if","locations":[{"start":{"line":85,"column":4},"end":{"line":87,"column":5}},{"start":{"line":85,"column":4},"end":{"line":87,"column":5}}],"line":85},"3":{"loc":{"start":{"line":91,"column":4},"end":{"line":93,"column":5}},"type":"if","locations":[{"start":{"line":91,"column":4},"end":{"line":93,"column":5}},{"start":{"line":91,"column":4},"end":{"line":93,"column":5}}],"line":91},"4":{"loc":{"start":{"line":120,"column":4},"end":{"line":122,"column":5}},"type":"if","locations":[{"start":{"line":120,"column":4},"end":{"line":122,"column":5}},{"start":{"line":120,"column":4},"end":{"line":122,"column":5}}],"line":120},"5":{"loc":{"start":{"line":140,"column":4},"end":{"line":142,"column":5}},"type":"if","locations":[{"start":{"line":140,"column":4},"end":{"line":142,"column":5}},{"start":{"line":140,"column":4},"end":{"line":142,"column":5}}],"line":140},"6":{"loc":{"start":{"line":147,"column":4},"end":{"line":149,"column":5}},"type":"if","locations":[{"start":{"line":147,"column":4},"end":{"line":149,"column":5}},{"start":{"line":147,"column":4},"end":{"line":149,"column":5}}],"line":147},"7":{"loc":{"start":{"line":151,"column":4},"end":{"line":153,"column":5}},"type":"if","locations":[{"start":{"line":151,"column":4},"end":{"line":153,"column":5}},{"start":{"line":151,"column":4},"end":{"line":153,"column":5}}],"line":151},"8":{"loc":{"start":{"line":159,"column":4},"end":{"line":161,"column":5}},"type":"if","locations":[{"start":{"line":159,"column":4},"end":{"line":161,"column":5}},{"start":{"line":159,"column":4},"end":{"line":161,"column":5}}],"line":159},"9":{"loc":{"start":{"line":164,"column":4},"end":{"line":166,"column":5}},"type":"if","locations":[{"start":{"line":164,"column":4},"end":{"line":166,"column":5}},{"start":{"line":164,"column":4},"end":{"line":166,"column":5}}],"line":164},"10":{"loc":{"start":{"line":168,"column":8},"end":{"line":172,"column":9}},"type":"if","locations":[{"start":{"line":168,"column":8},"end":{"line":172,"column":9}},{"start":{"line":168,"column":8},"end":{"line":172,"column":9}}],"line":168},"11":{"loc":{"start":{"line":190,"column":4},"end":{"line":192,"column":5}},"type":"if","locations":[{"start":{"line":190,"column":4},"end":{"line":192,"column":5}},{"start":{"line":190,"column":4},"end":{"line":192,"column":5}}],"line":190},"12":{"loc":{"start":{"line":193,"column":4},"end":{"line":195,"column":5}},"type":"if","locations":[{"start":{"line":193,"column":4},"end":{"line":195,"column":5}},{"start":{"line":193,"column":4},"end":{"line":195,"column":5}}],"line":193},"13":{"loc":{"start":{"line":196,"column":4},"end":{"line":198,"column":5}},"type":"if","locations":[{"start":{"line":196,"column":4},"end":{"line":198,"column":5}},{"start":{"line":196,"column":4},"end":{"line":198,"column":5}}],"line":196},"14":{"loc":{"start":{"line":199,"column":4},"end":{"line":201,"column":5}},"type":"if","locations":[{"start":{"line":199,"column":4},"end":{"line":201,"column":5}},{"start":{"line":199,"column":4},"end":{"line":201,"column":5}}],"line":199},"15":{"loc":{"start":{"line":202,"column":4},"end":{"line":204,"column":5}},"type":"if","locations":[{"start":{"line":202,"column":4},"end":{"line":204,"column":5}},{"start":{"line":202,"column":4},"end":{"line":204,"column":5}}],"line":202},"16":{"loc":{"start":{"line":205,"column":4},"end":{"line":207,"column":5}},"type":"if","locations":[{"start":{"line":205,"column":4},"end":{"line":207,"column":5}},{"start":{"line":205,"column":4},"end":{"line":207,"column":5}}],"line":205},"17":{"loc":{"start":{"line":208,"column":4},"end":{"line":210,"column":5}},"type":"if","locations":[{"start":{"line":208,"column":4},"end":{"line":210,"column":5}},{"start":{"line":208,"column":4},"end":{"line":210,"column":5}}],"line":208},"18":{"loc":{"start":{"line":211,"column":4},"end":{"line":213,"column":5}},"type":"if","locations":[{"start":{"line":211,"column":4},"end":{"line":213,"column":5}},{"start":{"line":211,"column":4},"end":{"line":213,"column":5}}],"line":211},"19":{"loc":{"start":{"line":214,"column":4},"end":{"line":216,"column":5}},"type":"if","locations":[{"start":{"line":214,"column":4},"end":{"line":216,"column":5}},{"start":{"line":214,"column":4},"end":{"line":216,"column":5}}],"line":214},"20":{"loc":{"start":{"line":222,"column":4},"end":{"line":224,"column":5}},"type":"if","locations":[{"start":{"line":222,"column":4},"end":{"line":224,"column":5}},{"start":{"line":222,"column":4},"end":{"line":224,"column":5}}],"line":222},"21":{"loc":{"start":{"line":226,"column":4},"end":{"line":228,"column":5}},"type":"if","locations":[{"start":{"line":226,"column":4},"end":{"line":228,"column":5}},{"start":{"line":226,"column":4},"end":{"line":228,"column":5}}],"line":226},"22":{"loc":{"start":{"line":234,"column":4},"end":{"line":236,"column":5}},"type":"if","locations":[{"start":{"line":234,"column":4},"end":{"line":236,"column":5}},{"start":{"line":234,"column":4},"end":{"line":236,"column":5}}],"line":234},"23":{"loc":{"start":{"line":238,"column":4},"end":{"line":240,"column":5}},"type":"if","locations":[{"start":{"line":238,"column":4},"end":{"line":240,"column":5}},{"start":{"line":238,"column":4},"end":{"line":240,"column":5}}],"line":238},"24":{"loc":{"start":{"line":245,"column":4},"end":{"line":247,"column":5}},"type":"if","locations":[{"start":{"line":245,"column":4},"end":{"line":247,"column":5}},{"start":{"line":245,"column":4},"end":{"line":247,"column":5}}],"line":245},"25":{"loc":{"start":{"line":250,"column":4},"end":{"line":252,"column":5}},"type":"if","locations":[{"start":{"line":250,"column":4},"end":{"line":252,"column":5}},{"start":{"line":250,"column":4},"end":{"line":252,"column":5}}],"line":250},"26":{"loc":{"start":{"line":259,"column":4},"end":{"line":261,"column":5}},"type":"if","locations":[{"start":{"line":259,"column":4},"end":{"line":261,"column":5}},{"start":{"line":259,"column":4},"end":{"line":261,"column":5}}],"line":259},"27":{"loc":{"start":{"line":263,"column":4},"end":{"line":265,"column":5}},"type":"if","locations":[{"start":{"line":263,"column":4},"end":{"line":265,"column":5}},{"start":{"line":263,"column":4},"end":{"line":265,"column":5}}],"line":263},"28":{"loc":{"start":{"line":273,"column":4},"end":{"line":275,"column":5}},"type":"if","locations":[{"start":{"line":273,"column":4},"end":{"line":275,"column":5}},{"start":{"line":273,"column":4},"end":{"line":275,"column":5}}],"line":273},"29":{"loc":{"start":{"line":273,"column":7},"end":{"line":273,"column":78}},"type":"binary-expr","locations":[{"start":{"line":273,"column":7},"end":{"line":273,"column":43}},{"start":{"line":273,"column":47},"end":{"line":273,"column":78}}],"line":273},"30":{"loc":{"start":{"line":277,"column":4},"end":{"line":279,"column":5}},"type":"if","locations":[{"start":{"line":277,"column":4},"end":{"line":279,"column":5}},{"start":{"line":277,"column":4},"end":{"line":279,"column":5}}],"line":277},"31":{"loc":{"start":{"line":281,"column":4},"end":{"line":283,"column":5}},"type":"if","locations":[{"start":{"line":281,"column":4},"end":{"line":283,"column":5}},{"start":{"line":281,"column":4},"end":{"line":283,"column":5}}],"line":281},"32":{"loc":{"start":{"line":291,"column":4},"end":{"line":293,"column":5}},"type":"if","locations":[{"start":{"line":291,"column":4},"end":{"line":293,"column":5}},{"start":{"line":291,"column":4},"end":{"line":293,"column":5}}],"line":291},"33":{"loc":{"start":{"line":291,"column":7},"end":{"line":291,"column":78}},"type":"binary-expr","locations":[{"start":{"line":291,"column":7},"end":{"line":291,"column":43}},{"start":{"line":291,"column":47},"end":{"line":291,"column":78}}],"line":291},"34":{"loc":{"start":{"line":295,"column":4},"end":{"line":297,"column":5}},"type":"if","locations":[{"start":{"line":295,"column":4},"end":{"line":297,"column":5}},{"start":{"line":295,"column":4},"end":{"line":297,"column":5}}],"line":295},"35":{"loc":{"start":{"line":299,"column":4},"end":{"line":301,"column":5}},"type":"if","locations":[{"start":{"line":299,"column":4},"end":{"line":301,"column":5}},{"start":{"line":299,"column":4},"end":{"line":301,"column":5}}],"line":299},"36":{"loc":{"start":{"line":303,"column":4},"end":{"line":305,"column":5}},"type":"if","locations":[{"start":{"line":303,"column":4},"end":{"line":305,"column":5}},{"start":{"line":303,"column":4},"end":{"line":305,"column":5}}],"line":303},"37":{"loc":{"start":{"line":326,"column":4},"end":{"line":328,"column":5}},"type":"if","locations":[{"start":{"line":326,"column":4},"end":{"line":328,"column":5}},{"start":{"line":326,"column":4},"end":{"line":328,"column":5}}],"line":326},"38":{"loc":{"start":{"line":329,"column":4},"end":{"line":331,"column":5}},"type":"if","locations":[{"start":{"line":329,"column":4},"end":{"line":331,"column":5}},{"start":{"line":329,"column":4},"end":{"line":331,"column":5}}],"line":329},"39":{"loc":{"start":{"line":332,"column":4},"end":{"line":334,"column":5}},"type":"if","locations":[{"start":{"line":332,"column":4},"end":{"line":334,"column":5}},{"start":{"line":332,"column":4},"end":{"line":334,"column":5}}],"line":332},"40":{"loc":{"start":{"line":335,"column":4},"end":{"line":337,"column":5}},"type":"if","locations":[{"start":{"line":335,"column":4},"end":{"line":337,"column":5}},{"start":{"line":335,"column":4},"end":{"line":337,"column":5}}],"line":335},"41":{"loc":{"start":{"line":338,"column":4},"end":{"line":340,"column":5}},"type":"if","locations":[{"start":{"line":338,"column":4},"end":{"line":340,"column":5}},{"start":{"line":338,"column":4},"end":{"line":340,"column":5}}],"line":338},"42":{"loc":{"start":{"line":341,"column":4},"end":{"line":343,"column":5}},"type":"if","locations":[{"start":{"line":341,"column":4},"end":{"line":343,"column":5}},{"start":{"line":341,"column":4},"end":{"line":343,"column":5}}],"line":341},"43":{"loc":{"start":{"line":344,"column":4},"end":{"line":346,"column":5}},"type":"if","locations":[{"start":{"line":344,"column":4},"end":{"line":346,"column":5}},{"start":{"line":344,"column":4},"end":{"line":346,"column":5}}],"line":344},"44":{"loc":{"start":{"line":347,"column":4},"end":{"line":349,"column":5}},"type":"if","locations":[{"start":{"line":347,"column":4},"end":{"line":349,"column":5}},{"start":{"line":347,"column":4},"end":{"line":349,"column":5}}],"line":347},"45":{"loc":{"start":{"line":350,"column":4},"end":{"line":352,"column":5}},"type":"if","locations":[{"start":{"line":350,"column":4},"end":{"line":352,"column":5}},{"start":{"line":350,"column":4},"end":{"line":352,"column":5}}],"line":350},"46":{"loc":{"start":{"line":353,"column":4},"end":{"line":355,"column":5}},"type":"if","locations":[{"start":{"line":353,"column":4},"end":{"line":355,"column":5}},{"start":{"line":353,"column":4},"end":{"line":355,"column":5}}],"line":353},"47":{"loc":{"start":{"line":356,"column":4},"end":{"line":358,"column":5}},"type":"if","locations":[{"start":{"line":356,"column":4},"end":{"line":358,"column":5}},{"start":{"line":356,"column":4},"end":{"line":358,"column":5}}],"line":356},"48":{"loc":{"start":{"line":364,"column":4},"end":{"line":366,"column":5}},"type":"if","locations":[{"start":{"line":364,"column":4},"end":{"line":366,"column":5}},{"start":{"line":364,"column":4},"end":{"line":366,"column":5}}],"line":364},"49":{"loc":{"start":{"line":368,"column":4},"end":{"line":370,"column":5}},"type":"if","locations":[{"start":{"line":368,"column":4},"end":{"line":370,"column":5}},{"start":{"line":368,"column":4},"end":{"line":370,"column":5}}],"line":368},"50":{"loc":{"start":{"line":376,"column":4},"end":{"line":378,"column":5}},"type":"if","locations":[{"start":{"line":376,"column":4},"end":{"line":378,"column":5}},{"start":{"line":376,"column":4},"end":{"line":378,"column":5}}],"line":376},"51":{"loc":{"start":{"line":380,"column":4},"end":{"line":382,"column":5}},"type":"if","locations":[{"start":{"line":380,"column":4},"end":{"line":382,"column":5}},{"start":{"line":380,"column":4},"end":{"line":382,"column":5}}],"line":380},"52":{"loc":{"start":{"line":389,"column":4},"end":{"line":391,"column":5}},"type":"if","locations":[{"start":{"line":389,"column":4},"end":{"line":391,"column":5}},{"start":{"line":389,"column":4},"end":{"line":391,"column":5}}],"line":389},"53":{"loc":{"start":{"line":393,"column":4},"end":{"line":395,"column":5}},"type":"if","locations":[{"start":{"line":393,"column":4},"end":{"line":395,"column":5}},{"start":{"line":393,"column":4},"end":{"line":395,"column":5}}],"line":393},"54":{"loc":{"start":{"line":398,"column":4},"end":{"line":400,"column":5}},"type":"if","locations":[{"start":{"line":398,"column":4},"end":{"line":400,"column":5}},{"start":{"line":398,"column":4},"end":{"line":400,"column":5}}],"line":398},"55":{"loc":{"start":{"line":401,"column":4},"end":{"line":403,"column":5}},"type":"if","locations":[{"start":{"line":401,"column":4},"end":{"line":403,"column":5}},{"start":{"line":401,"column":4},"end":{"line":403,"column":5}}],"line":401},"56":{"loc":{"start":{"line":410,"column":4},"end":{"line":412,"column":5}},"type":"if","locations":[{"start":{"line":410,"column":4},"end":{"line":412,"column":5}},{"start":{"line":410,"column":4},"end":{"line":412,"column":5}}],"line":410},"57":{"loc":{"start":{"line":414,"column":4},"end":{"line":416,"column":5}},"type":"if","locations":[{"start":{"line":414,"column":4},"end":{"line":416,"column":5}},{"start":{"line":414,"column":4},"end":{"line":416,"column":5}}],"line":414},"58":{"loc":{"start":{"line":424,"column":4},"end":{"line":426,"column":5}},"type":"if","locations":[{"start":{"line":424,"column":4},"end":{"line":426,"column":5}},{"start":{"line":424,"column":4},"end":{"line":426,"column":5}}],"line":424},"59":{"loc":{"start":{"line":428,"column":4},"end":{"line":430,"column":5}},"type":"if","locations":[{"start":{"line":428,"column":4},"end":{"line":430,"column":5}},{"start":{"line":428,"column":4},"end":{"line":430,"column":5}}],"line":428},"60":{"loc":{"start":{"line":435,"column":4},"end":{"line":437,"column":5}},"type":"if","locations":[{"start":{"line":435,"column":4},"end":{"line":437,"column":5}},{"start":{"line":435,"column":4},"end":{"line":437,"column":5}}],"line":435},"61":{"loc":{"start":{"line":435,"column":7},"end":{"line":435,"column":78}},"type":"binary-expr","locations":[{"start":{"line":435,"column":7},"end":{"line":435,"column":38}},{"start":{"line":435,"column":42},"end":{"line":435,"column":78}}],"line":435},"62":{"loc":{"start":{"line":439,"column":4},"end":{"line":441,"column":5}},"type":"if","locations":[{"start":{"line":439,"column":4},"end":{"line":441,"column":5}},{"start":{"line":439,"column":4},"end":{"line":441,"column":5}}],"line":439},"63":{"loc":{"start":{"line":448,"column":4},"end":{"line":450,"column":5}},"type":"if","locations":[{"start":{"line":448,"column":4},"end":{"line":450,"column":5}},{"start":{"line":448,"column":4},"end":{"line":450,"column":5}}],"line":448},"64":{"loc":{"start":{"line":448,"column":7},"end":{"line":448,"column":78}},"type":"binary-expr","locations":[{"start":{"line":448,"column":7},"end":{"line":448,"column":38}},{"start":{"line":448,"column":42},"end":{"line":448,"column":78}}],"line":448},"65":{"loc":{"start":{"line":452,"column":4},"end":{"line":454,"column":5}},"type":"if","locations":[{"start":{"line":452,"column":4},"end":{"line":454,"column":5}},{"start":{"line":452,"column":4},"end":{"line":454,"column":5}}],"line":452},"66":{"loc":{"start":{"line":464,"column":4},"end":{"line":470,"column":5}},"type":"if","locations":[{"start":{"line":464,"column":4},"end":{"line":470,"column":5}},{"start":{"line":464,"column":4},"end":{"line":470,"column":5}}],"line":464},"67":{"loc":{"start":{"line":474,"column":4},"end":{"line":476,"column":5}},"type":"if","locations":[{"start":{"line":474,"column":4},"end":{"line":476,"column":5}},{"start":{"line":474,"column":4},"end":{"line":476,"column":5}}],"line":474},"68":{"loc":{"start":{"line":474,"column":7},"end":{"line":474,"column":78}},"type":"binary-expr","locations":[{"start":{"line":474,"column":7},"end":{"line":474,"column":38}},{"start":{"line":474,"column":42},"end":{"line":474,"column":78}}],"line":474},"69":{"loc":{"start":{"line":478,"column":4},"end":{"line":480,"column":5}},"type":"if","locations":[{"start":{"line":478,"column":4},"end":{"line":480,"column":5}},{"start":{"line":478,"column":4},"end":{"line":480,"column":5}}],"line":478},"70":{"loc":{"start":{"line":491,"column":4},"end":{"line":497,"column":5}},"type":"if","locations":[{"start":{"line":491,"column":4},"end":{"line":497,"column":5}},{"start":{"line":491,"column":4},"end":{"line":497,"column":5}}],"line":491},"71":{"loc":{"start":{"line":501,"column":4},"end":{"line":503,"column":5}},"type":"if","locations":[{"start":{"line":501,"column":4},"end":{"line":503,"column":5}},{"start":{"line":501,"column":4},"end":{"line":503,"column":5}}],"line":501},"72":{"loc":{"start":{"line":505,"column":4},"end":{"line":507,"column":5}},"type":"if","locations":[{"start":{"line":505,"column":4},"end":{"line":507,"column":5}},{"start":{"line":505,"column":4},"end":{"line":507,"column":5}}],"line":505},"73":{"loc":{"start":{"line":532,"column":4},"end":{"line":546,"column":5}},"type":"if","locations":[{"start":{"line":532,"column":4},"end":{"line":546,"column":5}},{"start":{"line":532,"column":4},"end":{"line":546,"column":5}}],"line":532},"74":{"loc":{"start":{"line":533,"column":8},"end":{"line":536,"column":9}},"type":"if","locations":[{"start":{"line":533,"column":8},"end":{"line":536,"column":9}},{"start":{"line":533,"column":8},"end":{"line":536,"column":9}}],"line":533},"75":{"loc":{"start":{"line":537,"column":8},"end":{"line":540,"column":9}},"type":"if","locations":[{"start":{"line":537,"column":8},"end":{"line":540,"column":9}},{"start":{"line":537,"column":8},"end":{"line":540,"column":9}}],"line":537},"76":{"loc":{"start":{"line":542,"column":8},"end":{"line":545,"column":9}},"type":"if","locations":[{"start":{"line":542,"column":8},"end":{"line":545,"column":9}},{"start":{"line":542,"column":8},"end":{"line":545,"column":9}}],"line":542},"77":{"loc":{"start":{"line":547,"column":4},"end":{"line":550,"column":5}},"type":"if","locations":[{"start":{"line":547,"column":4},"end":{"line":550,"column":5}},{"start":{"line":547,"column":4},"end":{"line":550,"column":5}}],"line":547},"78":{"loc":{"start":{"line":551,"column":4},"end":{"line":554,"column":5}},"type":"if","locations":[{"start":{"line":551,"column":4},"end":{"line":554,"column":5}},{"start":{"line":551,"column":4},"end":{"line":554,"column":5}}],"line":551},"79":{"loc":{"start":{"line":555,"column":4},"end":{"line":558,"column":5}},"type":"if","locations":[{"start":{"line":555,"column":4},"end":{"line":558,"column":5}},{"start":{"line":555,"column":4},"end":{"line":558,"column":5}}],"line":555},"80":{"loc":{"start":{"line":559,"column":4},"end":{"line":562,"column":5}},"type":"if","locations":[{"start":{"line":559,"column":4},"end":{"line":562,"column":5}},{"start":{"line":559,"column":4},"end":{"line":562,"column":5}}],"line":559},"81":{"loc":{"start":{"line":563,"column":4},"end":{"line":566,"column":5}},"type":"if","locations":[{"start":{"line":563,"column":4},"end":{"line":566,"column":5}},{"start":{"line":563,"column":4},"end":{"line":566,"column":5}}],"line":563},"82":{"loc":{"start":{"line":567,"column":4},"end":{"line":570,"column":5}},"type":"if","locations":[{"start":{"line":567,"column":4},"end":{"line":570,"column":5}},{"start":{"line":567,"column":4},"end":{"line":570,"column":5}}],"line":567},"83":{"loc":{"start":{"line":578,"column":4},"end":{"line":580,"column":5}},"type":"if","locations":[{"start":{"line":578,"column":4},"end":{"line":580,"column":5}},{"start":{"line":578,"column":4},"end":{"line":580,"column":5}}],"line":578},"84":{"loc":{"start":{"line":606,"column":12},"end":{"line":608,"column":13}},"type":"if","locations":[{"start":{"line":606,"column":12},"end":{"line":608,"column":13}},{"start":{"line":606,"column":12},"end":{"line":608,"column":13}}],"line":606},"85":{"loc":{"start":{"line":617,"column":8},"end":{"line":621,"column":9}},"type":"if","locations":[{"start":{"line":617,"column":8},"end":{"line":621,"column":9}},{"start":{"line":617,"column":8},"end":{"line":621,"column":9}}],"line":617},"86":{"loc":{"start":{"line":625,"column":22},"end":{"line":625,"column":81}},"type":"cond-expr","locations":[{"start":{"line":625,"column":76},"end":{"line":625,"column":77}},{"start":{"line":625,"column":80},"end":{"line":625,"column":81}}],"line":625},"87":{"loc":{"start":{"line":652,"column":4},"end":{"line":654,"column":5}},"type":"if","locations":[{"start":{"line":652,"column":4},"end":{"line":654,"column":5}},{"start":{"line":652,"column":4},"end":{"line":654,"column":5}}],"line":652},"88":{"loc":{"start":{"line":670,"column":4},"end":{"line":672,"column":5}},"type":"if","locations":[{"start":{"line":670,"column":4},"end":{"line":672,"column":5}},{"start":{"line":670,"column":4},"end":{"line":672,"column":5}}],"line":670}},"s":{"0":4,"1":4,"2":4,"3":4,"4":4,"5":4,"6":4,"7":4,"8":4,"9":4,"10":130,"11":130,"12":4,"13":4,"14":4,"15":4,"16":0,"17":4,"18":0,"19":0,"20":0,"21":0,"22":0,"23":0,"24":4,"25":0,"26":0,"27":0,"28":11,"29":2,"30":9,"31":1,"32":8,"33":4,"34":4,"35":1,"36":3,"37":3,"38":3,"39":1,"40":2,"41":2,"42":2,"43":0,"44":2,"45":2,"46":2,"47":0,"48":2,"49":4,"50":3,"51":1,"52":2,"53":2,"54":2,"55":0,"56":2,"57":2,"58":2,"59":1,"60":1,"61":4,"62":3,"63":1,"64":2,"65":2,"66":1,"67":1,"68":4,"69":4,"70":1,"71":3,"72":3,"73":1,"74":2,"75":2,"76":1,"77":1,"78":0,"79":4,"80":0,"81":0,"82":0,"83":29,"84":2,"85":27,"86":2,"87":25,"88":2,"89":23,"90":3,"91":20,"92":2,"93":18,"94":2,"95":16,"96":2,"97":14,"98":2,"99":12,"100":2,"101":10,"102":4,"103":8,"104":1,"105":7,"106":7,"107":2,"108":5,"109":4,"110":3,"111":1,"112":2,"113":2,"114":1,"115":1,"116":4,"117":3,"118":1,"119":2,"120":2,"121":1,"122":1,"123":4,"124":16,"125":9,"126":7,"127":7,"128":1,"129":6,"130":6,"131":4,"132":3,"133":0,"134":3,"135":3,"136":1,"137":2,"138":1,"139":1,"140":1,"141":1,"142":1,"143":4,"144":5,"145":0,"146":5,"147":5,"148":1,"149":4,"150":2,"151":2,"152":1,"153":1,"154":1,"155":1,"156":1,"157":4,"158":0,"159":0,"160":0,"161":39,"162":2,"163":37,"164":2,"165":35,"166":2,"167":33,"168":2,"169":31,"170":2,"171":29,"172":2,"173":27,"174":2,"175":25,"176":2,"177":23,"178":2,"179":21,"180":2,"181":19,"182":2,"183":17,"184":4,"185":8,"186":1,"187":7,"188":7,"189":1,"190":6,"191":4,"192":21,"193":11,"194":10,"195":10,"196":1,"197":9,"198":9,"199":4,"200":4,"201":0,"202":4,"203":4,"204":1,"205":3,"206":3,"207":1,"208":2,"209":1,"210":1,"211":1,"212":4,"213":0,"214":0,"215":0,"216":0,"217":0,"218":0,"219":0,"220":4,"221":14,"222":11,"223":3,"224":3,"225":1,"226":2,"227":4,"228":0,"229":0,"230":0,"231":0,"232":0,"233":0,"234":0,"235":0,"236":4,"237":6,"238":2,"239":4,"240":4,"241":0,"242":4,"243":4,"244":4,"245":0,"246":4,"247":2,"248":2,"249":2,"250":2,"251":4,"252":9,"253":2,"254":7,"255":7,"256":1,"257":6,"258":6,"259":6,"260":0,"261":6,"262":2,"263":8,"264":2,"265":2,"266":4,"267":4,"268":3,"269":1,"270":2,"271":2,"272":1,"273":1,"274":12,"275":12,"276":12,"277":12,"278":12,"279":12,"280":12,"281":48,"282":4,"283":23,"284":17,"285":7,"286":7,"287":10,"288":9,"289":9,"290":6,"291":2,"292":2,"293":5,"294":0,"295":0,"296":5,"297":0,"298":0,"299":5,"300":0,"301":0,"302":5,"303":0,"304":0,"305":5,"306":0,"307":0,"308":5,"309":0,"310":0,"311":5,"312":4,"313":17,"314":17,"315":16,"316":1,"317":1,"318":3,"319":3,"320":3,"321":3,"322":3,"323":3,"324":3,"325":3,"326":3,"327":3,"328":12,"329":12,"330":12,"331":12,"332":27,"333":27,"334":27,"335":12,"336":12,"337":12,"338":12,"339":12,"340":3,"341":9,"342":9,"343":9,"344":9,"345":9,"346":9,"347":3,"348":12,"349":3,"350":4,"351":6,"352":6,"353":2,"354":4,"355":4,"356":4,"357":4,"358":4,"359":1,"360":3,"361":1,"362":2,"363":2,"364":4},"f":{"0":130,"1":0,"2":0,"3":0,"4":0,"5":0,"6":11,"7":4,"8":3,"9":3,"10":4,"11":0,"12":29,"13":8,"14":3,"15":3,"16":16,"17":3,"18":5,"19":0,"20":39,"21":8,"22":21,"23":4,"24":0,"25":14,"26":0,"27":6,"28":9,"29":8,"30":3,"31":12,"32":48,"33":23,"34":17,"35":3,"36":12,"37":6},"b":{"0":[2,9],"1":[1,8],"2":[1,3],"3":[1,2],"4":[1,2],"5":[1,1],"6":[1,2],"7":[1,1],"8":[1,3],"9":[1,2],"10":[1,1],"11":[2,27],"12":[2,25],"13":[2,23],"14":[3,20],"15":[2,18],"16":[2,16],"17":[2,14],"18":[2,12],"19":[2,10],"20":[1,7],"21":[2,5],"22":[1,2],"23":[1,1],"24":[1,2],"25":[1,1],"26":[9,7],"27":[1,6],"28":[0,3],"29":[3,3],"30":[1,2],"31":[1,1],"32":[0,5],"33":[5,5],"34":[1,4],"35":[2,2],"36":[1,1],"37":[2,37],"38":[2,35],"39":[2,33],"40":[2,31],"41":[2,29],"42":[2,27],"43":[2,25],"44":[2,23],"45":[2,21],"46":[2,19],"47":[2,17],"48":[1,7],"49":[1,6],"50":[11,10],"51":[1,9],"52":[0,4],"53":[1,3],"54":[1,2],"55":[1,1],"56":[0,0],"57":[0,0],"58":[11,3],"59":[1,2],"60":[0,0],"61":[0,0],"62":[0,0],"63":[2,4],"64":[6,5],"65":[0,4],"66":[2,2],"67":[2,7],"68":[9,8],"69":[1,6],"70":[2,4],"71":[1,2],"72":[1,1],"73":[17,6],"74":[7,10],"75":[9,1],"76":[2,4],"77":[0,5],"78":[0,5],"79":[0,5],"80":[0,5],"81":[0,5],"82":[0,5],"83":[16,1],"84":[27,0],"85":[3,9],"86":[9,0],"87":[2,4],"88":[1,2]},"_coverageSchema":"1a1c01bbd47fc00a2c39e90264f33305004495a9","hash":"d72e99b718b3a8eac5dd18c8476e746d762fbcd0"}
,"/home/zyad/Desktop/321PROJECT/CPEN-321-Location-App/backend/server/__models__/Account.js": {"path":"/home/zyad/Desktop/321PROJECT/CPEN-321-Location-App/backend/server/__models__/Account.js","statementMap":{"0":{"start":{"line":1,"column":17},"end":{"line":1,"column":36}},"1":{"start":{"line":2,"column":15},"end":{"line":2,"column":30}},"2":{"start":{"line":4,"column":19},"end":{"line":11,"column":2}},"3":{"start":{"line":13,"column":0},"end":{"line":13,"column":54}}},"fnMap":{},"branchMap":{},"s":{"0":4,"1":4,"2":4,"3":4},"f":{},"b":{},"_coverageSchema":"1a1c01bbd47fc00a2c39e90264f33305004495a9","hash":"6261b51e7d819d9cbb221c1e6292a396cc42c0bf"}
,"/home/zyad/Desktop/321PROJECT/CPEN-321-Location-App/backend/server/__models__/Activity.js": {"path":"/home/zyad/Desktop/321PROJECT/CPEN-321-Location-App/backend/server/__models__/Activity.js","statementMap":{"0":{"start":{"line":1,"column":17},"end":{"line":1,"column":36}},"1":{"start":{"line":2,"column":15},"end":{"line":2,"column":30}},"2":{"start":{"line":3,"column":19},"end":{"line":15,"column":2}},"3":{"start":{"line":17,"column":0},"end":{"line":17,"column":55}}},"fnMap":{},"branchMap":{},"s":{"0":4,"1":4,"2":4,"3":4},"f":{},"b":{},"_coverageSchema":"1a1c01bbd47fc00a2c39e90264f33305004495a9","hash":"d26d3af250aee17d2dae6a2b3dd9485b4a17be34"}
,"/home/zyad/Desktop/321PROJECT/CPEN-321-Location-App/backend/server/__models__/Profile.js": {"path":"/home/zyad/Desktop/321PROJECT/CPEN-321-Location-App/backend/server/__models__/Profile.js","statementMap":{"0":{"start":{"line":1,"column":17},"end":{"line":1,"column":36}},"1":{"start":{"line":2,"column":15},"end":{"line":2,"column":30}},"2":{"start":{"line":3,"column":19},"end":{"line":13,"column":2}},"3":{"start":{"line":15,"column":0},"end":{"line":15,"column":54}}},"fnMap":{},"branchMap":{},"s":{"0":4,"1":4,"2":4,"3":4},"f":{},"b":{},"_coverageSchema":"1a1c01bbd47fc00a2c39e90264f33305004495a9","hash":"83ed1358640dcdb9af19875bef23fcd8f724cb91"}
,"/home/zyad/Desktop/321PROJECT/CPEN-321-Location-App/backend/server/__models__/models.js": {"path":"/home/zyad/Desktop/321PROJECT/CPEN-321-Location-App/backend/server/__models__/models.js","statementMap":{"0":{"start":{"line":1,"column":17},"end":{"line":1,"column":36}},"1":{"start":{"line":2,"column":14},"end":{"line":2,"column":34}},"2":{"start":{"line":3,"column":14},"end":{"line":3,"column":34}},"3":{"start":{"line":4,"column":15},"end":{"line":4,"column":36}},"4":{"start":{"line":6,"column":18},"end":{"line":6,"column":45}},"5":{"start":{"line":7,"column":18},"end":{"line":9,"column":1}},"6":{"start":{"line":8,"column":4},"end":{"line":8,"column":92}},"7":{"start":{"line":10,"column":21},"end":{"line":12,"column":1}},"8":{"start":{"line":11,"column":4},"end":{"line":11,"column":33}},"9":{"start":{"line":14,"column":0},"end":{"line":20,"column":1}}},"fnMap":{"0":{"name":"(anonymous_0)","decl":{"start":{"line":7,"column":18},"end":{"line":7,"column":19}},"loc":{"start":{"line":7,"column":24},"end":{"line":9,"column":1}},"line":7},"1":{"name":"(anonymous_1)","decl":{"start":{"line":10,"column":21},"end":{"line":10,"column":22}},"loc":{"start":{"line":10,"column":27},"end":{"line":12,"column":1}},"line":10}},"branchMap":{},"s":{"0":4,"1":4,"2":4,"3":4,"4":4,"5":4,"6":8,"7":4,"8":8,"9":4},"f":{"0":8,"1":8},"b":{},"_coverageSchema":"1a1c01bbd47fc00a2c39e90264f33305004495a9","hash":"189f61d22769ae50b5a2585c28f8ecdaad67bbfc"}
,"/home/zyad/Desktop/321PROJECT/CPEN-321-Location-App/backend/server/__vars__/constants.js": {"path":"/home/zyad/Desktop/321PROJECT/CPEN-321-Location-App/backend/server/__vars__/constants.js","statementMap":{"0":{"start":{"line":2,"column":11},"end":{"line":14,"column":1}},"1":{"start":{"line":16,"column":11},"end":{"line":28,"column":1}},"2":{"start":{"line":30,"column":11},"end":{"line":42,"column":1}},"3":{"start":{"line":44,"column":11},"end":{"line":56,"column":1}},"4":{"start":{"line":58,"column":11},"end":{"line":70,"column":1}},"5":{"start":{"line":74,"column":15},"end":{"line":85,"column":1}},"6":{"start":{"line":87,"column":15},"end":{"line":98,"column":1}},"7":{"start":{"line":100,"column":15},"end":{"line":111,"column":1}},"8":{"start":{"line":113,"column":15},"end":{"line":124,"column":1}},"9":{"start":{"line":126,"column":15},"end":{"line":137,"column":1}},"10":{"start":{"line":139,"column":15},"end":{"line":150,"column":1}},"11":{"start":{"line":152,"column":15},"end":{"line":163,"column":1}},"12":{"start":{"line":165,"column":15},"end":{"line":176,"column":1}},"13":{"start":{"line":178,"column":15},"end":{"line":189,"column":1}},"14":{"start":{"line":191,"column":16},"end":{"line":202,"column":1}},"15":{"start":{"line":204,"column":16},"end":{"line":215,"column":1}},"16":{"start":{"line":217,"column":0},"end":{"line":218,"column":40}},"17":{"start":{"line":222,"column":15},"end":{"line":233,"column":1}},"18":{"start":{"line":235,"column":15},"end":{"line":246,"column":1}},"19":{"start":{"line":248,"column":15},"end":{"line":259,"column":1}},"20":{"start":{"line":261,"column":15},"end":{"line":270,"column":1}},"21":{"start":{"line":272,"column":15},"end":{"line":283,"column":1}},"22":{"start":{"line":285,"column":15},"end":{"line":296,"column":1}},"23":{"start":{"line":298,"column":15},"end":{"line":309,"column":1}},"24":{"start":{"line":311,"column":15},"end":{"line":322,"column":1}},"25":{"start":{"line":324,"column":15},"end":{"line":335,"column":1}},"26":{"start":{"line":337,"column":0},"end":{"line":338,"column":34}},"27":{"start":{"line":342,"column":15},"end":{"line":354,"column":1}},"28":{"start":{"line":356,"column":21},"end":{"line":368,"column":1}},"29":{"start":{"line":370,"column":17},"end":{"line":382,"column":1}},"30":{"start":{"line":385,"column":0},"end":{"line":398,"column":1}}},"fnMap":{},"branchMap":{},"s":{"0":2,"1":2,"2":2,"3":2,"4":2,"5":2,"6":2,"7":2,"8":2,"9":2,"10":2,"11":2,"12":2,"13":2,"14":2,"15":2,"16":2,"17":2,"18":2,"19":2,"20":2,"21":2,"22":2,"23":2,"24":2,"25":2,"26":2,"27":2,"28":2,"29":2,"30":2},"f":{},"b":{},"_coverageSchema":"1a1c01bbd47fc00a2c39e90264f33305004495a9","hash":"7beba591bdc9e9769c328c4e29c775ff6027727b"}
}
