TN:
SF:app.js
FN:15,formatResponse
FN:41,(anonymous_1)
FN:45,(anonymous_2)
FN:52,(anonymous_3)
FN:55,(anonymous_4)
FN:65,(anonymous_5)
FN:71,userIsGoodRequest
FN:82,(anonymous_7)
FN:119,(anonymous_8)
FN:132,(anonymous_9)
FN:157,(anonymous_10)
FN:163,profileIsGoodRequest
FN:195,(anonymous_12)
FN:207,(anonymous_13)
FN:218,(anonymous_14)
FN:231,(anonymous_15)
FN:246,(anonymous_16)
FN:264,(anonymous_17)
FN:288,(anonymous_18)
FN:294,activityIsGoodRequest
FN:335,(anonymous_20)
FN:347,(anonymous_21)
FN:365,(anonymous_22)
FN:376,(anonymous_23)
FN:389,(anonymous_24)
FN:415,(anonymous_25)
FN:434,(anonymous_26)
FN:442,(anonymous_27)
FN:454,getDistanceFromLatLonInKm
FN:468,deg2rad
FN:473,isGoodSortRequest
FN:516,(anonymous_31)
FN:607,(anonymous_32)
FNF:33
FNH:25
FNDA:88,formatResponse
FNDA:0,(anonymous_1)
FNDA:0,(anonymous_2)
FNDA:0,(anonymous_3)
FNDA:0,(anonymous_4)
FNDA:0,(anonymous_5)
FNDA:8,userIsGoodRequest
FNDA:4,(anonymous_7)
FNDA:3,(anonymous_8)
FNDA:4,(anonymous_9)
FNDA:0,(anonymous_10)
FNDA:24,profileIsGoodRequest
FNDA:7,(anonymous_12)
FNDA:3,(anonymous_13)
FNDA:3,(anonymous_14)
FNDA:13,(anonymous_15)
FNDA:1,(anonymous_16)
FNDA:1,(anonymous_17)
FNDA:0,(anonymous_18)
FNDA:24,activityIsGoodRequest
FNDA:8,(anonymous_20)
FNDA:20,(anonymous_21)
FNDA:4,(anonymous_22)
FNDA:0,(anonymous_23)
FNDA:2,(anonymous_24)
FNDA:2,(anonymous_25)
FNDA:8,(anonymous_26)
FNDA:3,(anonymous_27)
FNDA:11,getDistanceFromLatLonInKm
FNDA:44,deg2rad
FNDA:13,isGoodSortRequest
FNDA:9,(anonymous_31)
FNDA:4,(anonymous_32)
DA:1,4
DA:2,4
DA:3,4
DA:4,4
DA:5,4
DA:7,4
DA:8,4
DA:9,4
DA:11,4
DA:12,4
DA:16,88
DA:21,88
DA:28,4
DA:33,4
DA:35,4
DA:41,4
DA:42,0
DA:45,4
DA:46,0
DA:47,0
DA:48,0
DA:51,0
DA:53,0
DA:56,0
DA:65,4
DA:66,0
DA:67,0
DA:68,0
DA:72,8
DA:73,1
DA:75,7
DA:76,1
DA:78,6
DA:82,4
DA:85,4
DA:86,1
DA:89,3
DA:90,3
DA:91,3
DA:92,1
DA:98,2
DA:99,2
DA:100,2
DA:102,0
DA:105,2
DA:111,2
DA:112,2
DA:114,0
DA:116,2
DA:119,4
DA:120,3
DA:121,1
DA:124,2
DA:125,2
DA:126,1
DA:128,1
DA:132,4
DA:133,4
DA:134,1
DA:137,3
DA:138,3
DA:139,1
DA:141,2
DA:142,2
DA:143,1
DA:145,1
DA:148,0
DA:157,4
DA:158,0
DA:159,0
DA:160,0
DA:164,24
DA:165,1
DA:167,23
DA:168,2
DA:170,21
DA:171,1
DA:173,20
DA:174,2
DA:176,18
DA:177,1
DA:179,17
DA:180,1
DA:182,16
DA:183,1
DA:185,15
DA:186,1
DA:188,14
DA:189,1
DA:191,13
DA:195,4
DA:196,7
DA:197,1
DA:199,6
DA:200,6
DA:201,1
DA:203,5
DA:207,4
DA:208,3
DA:209,1
DA:211,2
DA:212,2
DA:213,1
DA:215,1
DA:218,4
DA:219,3
DA:220,1
DA:223,2
DA:224,2
DA:225,1
DA:227,1
DA:231,4
DA:233,13
DA:234,9
DA:236,4
DA:237,4
DA:238,1
DA:241,3
DA:242,3
DA:246,4
DA:247,1
DA:248,0
DA:250,1
DA:251,1
DA:252,0
DA:255,1
DA:256,0
DA:258,1
DA:259,1
DA:260,1
DA:261,1
DA:264,4
DA:265,1
DA:266,0
DA:268,1
DA:269,1
DA:270,0
DA:273,1
DA:274,0
DA:276,1
DA:277,1
DA:278,1
DA:279,1
DA:288,4
DA:289,0
DA:290,0
DA:291,0
DA:295,24
DA:296,1
DA:298,23
DA:299,2
DA:301,21
DA:302,1
DA:304,20
DA:305,0
DA:307,20
DA:308,1
DA:310,19
DA:311,1
DA:313,18
DA:314,1
DA:316,17
DA:317,1
DA:319,16
DA:320,1
DA:322,15
DA:323,1
DA:325,14
DA:326,1
DA:328,13
DA:329,1
DA:331,12
DA:335,4
DA:336,8
DA:337,1
DA:339,7
DA:340,7
DA:341,1
DA:343,6
DA:347,4
DA:348,20
DA:349,11
DA:351,9
DA:352,9
DA:353,1
DA:357,8
DA:361,8
DA:365,4
DA:366,4
DA:367,1
DA:369,3
DA:370,3
DA:371,1
DA:373,2
DA:376,4
DA:377,0
DA:378,0
DA:380,0
DA:381,0
DA:382,0
DA:384,0
DA:385,0
DA:386,0
DA:389,4
DA:390,2
DA:391,0
DA:393,2
DA:394,2
DA:395,0
DA:399,2
DA:400,2
DA:401,2
DA:404,0
DA:406,2
DA:407,2
DA:408,2
DA:409,2
DA:411,0
DA:415,4
DA:416,2
DA:417,0
DA:419,2
DA:420,2
DA:421,0
DA:425,2
DA:426,2
DA:427,2
DA:430,0
DA:433,2
DA:434,8
DA:435,2
DA:436,2
DA:438,0
DA:442,4
DA:443,3
DA:444,1
DA:446,2
DA:447,2
DA:448,1
DA:450,1
DA:455,11
DA:456,11
DA:457,11
DA:459,11
DA:463,11
DA:464,11
DA:465,11
DA:469,44
DA:472,4
DA:474,13
DA:475,9
DA:476,1
DA:477,1
DA:479,8
DA:480,1
DA:481,1
DA:484,4
DA:485,1
DA:486,1
DA:489,10
DA:490,1
DA:491,1
DA:493,9
DA:494,1
DA:495,1
DA:497,8
DA:498,1
DA:499,1
DA:501,7
DA:502,1
DA:503,1
DA:505,6
DA:506,1
DA:507,1
DA:509,5
DA:510,1
DA:511,1
DA:513,4
DA:516,4
DA:517,9
DA:518,9
DA:521,9
DA:522,8
DA:524,1
DA:525,1
DA:526,1
DA:527,1
DA:528,1
DA:529,1
DA:530,1
DA:532,1
DA:533,1
DA:534,1
DA:535,5
DA:536,5
DA:539,5
DA:540,5
DA:541,12
DA:542,12
DA:543,12
DA:547,5
DA:548,5
DA:550,0
DA:554,5
DA:555,5
DA:556,5
DA:558,5
DA:559,5
DA:562,1
DA:568,4
DA:569,4
DA:570,4
DA:574,4
DA:575,4
DA:576,4
DA:577,4
DA:579,4
DA:582,4
DA:583,4
DA:584,4
DA:585,3
DA:586,3
DA:587,3
DA:588,3
DA:590,3
DA:602,1
DA:607,4
DA:608,4
DA:609,4
DA:612,4
DA:613,1
DA:616,3
DA:617,3
DA:618,3
DA:619,3
DA:620,3
DA:621,3
DA:622,3
DA:625,3
DA:629,3
DA:630,3
DA:631,3
DA:634,1
DA:637,2
DA:640,2
DA:641,2
DA:642,2
DA:643,6
DA:644,6
DA:647,6
DA:648,6
DA:649,14
DA:650,14
DA:651,14
DA:654,6
DA:657,6
DA:658,6
DA:660,6
DA:661,6
DA:664,1
DA:668,5
DA:669,5
DA:672,5
DA:673,5
DA:674,5
DA:677,5
DA:678,5
DA:679,5
DA:680,3
DA:681,3
DA:682,3
DA:683,3
DA:685,3
DA:689,2
DA:692,4
LF:375
LH:332
BRDA:72,0,0,1
BRDA:72,0,1,7
BRDA:75,1,0,1
BRDA:75,1,1,6
BRDA:85,2,0,1
BRDA:85,2,1,3
BRDA:91,3,0,1
BRDA:91,3,1,2
BRDA:120,4,0,1
BRDA:120,4,1,2
BRDA:125,5,0,1
BRDA:125,5,1,1
BRDA:133,6,0,1
BRDA:133,6,1,3
BRDA:138,7,0,1
BRDA:138,7,1,2
BRDA:142,8,0,1
BRDA:142,8,1,1
BRDA:164,9,0,1
BRDA:164,9,1,23
BRDA:167,10,0,2
BRDA:167,10,1,21
BRDA:170,11,0,1
BRDA:170,11,1,20
BRDA:173,12,0,2
BRDA:173,12,1,18
BRDA:176,13,0,1
BRDA:176,13,1,17
BRDA:179,14,0,1
BRDA:179,14,1,16
BRDA:182,15,0,1
BRDA:182,15,1,15
BRDA:185,16,0,1
BRDA:185,16,1,14
BRDA:188,17,0,1
BRDA:188,17,1,13
BRDA:196,18,0,1
BRDA:196,18,1,6
BRDA:200,19,0,1
BRDA:200,19,1,5
BRDA:208,20,0,1
BRDA:208,20,1,2
BRDA:212,21,0,1
BRDA:212,21,1,1
BRDA:219,22,0,1
BRDA:219,22,1,2
BRDA:224,23,0,1
BRDA:224,23,1,1
BRDA:233,24,0,9
BRDA:233,24,1,4
BRDA:237,25,0,1
BRDA:237,25,1,3
BRDA:247,26,0,0
BRDA:247,26,1,1
BRDA:247,27,0,1
BRDA:247,27,1,1
BRDA:251,28,0,0
BRDA:251,28,1,1
BRDA:255,29,0,0
BRDA:255,29,1,1
BRDA:265,30,0,0
BRDA:265,30,1,1
BRDA:265,31,0,1
BRDA:265,31,1,1
BRDA:269,32,0,0
BRDA:269,32,1,1
BRDA:273,33,0,0
BRDA:273,33,1,1
BRDA:295,34,0,1
BRDA:295,34,1,23
BRDA:298,35,0,2
BRDA:298,35,1,21
BRDA:301,36,0,1
BRDA:301,36,1,20
BRDA:304,37,0,0
BRDA:304,37,1,20
BRDA:307,38,0,1
BRDA:307,38,1,19
BRDA:310,39,0,1
BRDA:310,39,1,18
BRDA:313,40,0,1
BRDA:313,40,1,17
BRDA:316,41,0,1
BRDA:316,41,1,16
BRDA:319,42,0,1
BRDA:319,42,1,15
BRDA:322,43,0,1
BRDA:322,43,1,14
BRDA:325,44,0,1
BRDA:325,44,1,13
BRDA:328,45,0,1
BRDA:328,45,1,12
BRDA:336,46,0,1
BRDA:336,46,1,7
BRDA:340,47,0,1
BRDA:340,47,1,6
BRDA:348,48,0,11
BRDA:348,48,1,9
BRDA:352,49,0,1
BRDA:352,49,1,8
BRDA:366,50,0,1
BRDA:366,50,1,3
BRDA:370,51,0,1
BRDA:370,51,1,2
BRDA:377,52,0,0
BRDA:377,52,1,0
BRDA:377,53,0,0
BRDA:377,53,1,0
BRDA:381,54,0,0
BRDA:381,54,1,0
BRDA:390,55,0,0
BRDA:390,55,1,2
BRDA:390,56,0,2
BRDA:390,56,1,2
BRDA:394,57,0,0
BRDA:394,57,1,2
BRDA:406,58,0,2
BRDA:406,58,1,0
BRDA:416,59,0,0
BRDA:416,59,1,2
BRDA:416,60,0,2
BRDA:416,60,1,2
BRDA:420,61,0,0
BRDA:420,61,1,2
BRDA:433,62,0,2
BRDA:433,62,1,0
BRDA:443,63,0,1
BRDA:443,63,1,2
BRDA:447,64,0,1
BRDA:447,64,1,1
BRDA:474,65,0,9
BRDA:474,65,1,4
BRDA:475,66,0,1
BRDA:475,66,1,8
BRDA:479,67,0,1
BRDA:479,67,1,7
BRDA:484,68,0,1
BRDA:484,68,1,3
BRDA:489,69,0,1
BRDA:489,69,1,9
BRDA:493,70,0,1
BRDA:493,70,1,8
BRDA:497,71,0,1
BRDA:497,71,1,7
BRDA:501,72,0,1
BRDA:501,72,1,6
BRDA:505,73,0,1
BRDA:505,73,1,5
BRDA:509,74,0,1
BRDA:509,74,1,4
BRDA:521,75,0,8
BRDA:521,75,1,1
BRDA:542,76,0,12
BRDA:542,76,1,0
BRDA:547,77,0,5
BRDA:547,77,1,0
BRDA:547,78,0,5
BRDA:547,78,1,5
BRDA:555,79,0,5
BRDA:555,79,1,0
BRDA:555,80,0,5
BRDA:555,80,1,5
BRDA:559,81,0,1
BRDA:559,81,1,4
BRDA:569,82,0,4
BRDA:569,82,1,0
BRDA:570,83,0,4
BRDA:570,83,1,0
BRDA:576,84,0,4
BRDA:576,84,1,0
BRDA:584,85,0,3
BRDA:584,85,1,1
BRDA:586,86,0,6
BRDA:586,86,1,5
BRDA:612,87,0,1
BRDA:612,87,1,3
BRDA:650,88,0,14
BRDA:650,88,1,0
BRDA:661,89,0,1
BRDA:661,89,1,5
BRDA:669,90,0,5
BRDA:669,90,1,0
BRDA:679,91,0,3
BRDA:679,91,1,2
BRDA:681,92,0,6
BRDA:681,92,1,5
BRF:186
BRH:159
end_of_record
TN:
SF:__models__/Account.js
FNF:0
FNH:0
DA:1,4
DA:2,4
DA:4,4
DA:13,4
LF:4
LH:4
BRF:0
BRH:0
end_of_record
TN:
SF:__models__/Activity.js
FNF:0
FNH:0
DA:1,4
DA:2,4
DA:3,4
DA:17,4
LF:4
LH:4
BRF:0
BRH:0
end_of_record
TN:
SF:__models__/Profile.js
FNF:0
FNH:0
DA:1,4
DA:2,4
DA:3,4
DA:15,4
LF:4
LH:4
BRF:0
BRH:0
end_of_record
TN:
SF:__models__/models.js
FN:7,(anonymous_0)
FN:10,(anonymous_1)
FNF:2
FNH:2
FNDA:7,(anonymous_0)
FNDA:7,(anonymous_1)
DA:1,4
DA:2,4
DA:3,4
DA:4,4
DA:6,4
DA:7,4
DA:8,7
DA:10,4
DA:11,7
DA:14,4
LF:10
LH:10
BRF:0
BRH:0
end_of_record
TN:
SF:__vars__/constants.js
FNF:0
FNH:0
DA:1,1
DA:15,1
DA:29,1
DA:43,1
DA:57,1
DA:72,1
LF:6
LH:6
BRF:0
BRH:0
end_of_record
