TN:
SF:app.js
FN:12,formatResponse
FN:26,(anonymous_1)
FN:32,userIsGoodRequest
FN:43,(anonymous_3)
FN:80,(anonymous_4)
FN:93,(anonymous_5)
FN:118,(anonymous_6)
FN:124,profileIsGoodRequest
FN:156,(anonymous_8)
FN:168,(anonymous_9)
FN:179,(anonymous_10)
FN:192,(anonymous_11)
FN:228,(anonymous_12)
FN:234,activityIsGoodRequest
FN:275,(anonymous_14)
FN:287,(anonymous_15)
FN:304,(anonymous_16)
FN:315,(anonymous_17)
FN:327,getDistanceFromLatLonInKm
FN:341,deg2rad
FN:345,isGoodSortRequest
FN:381,(anonymous_21)
FNF:22
FNH:19
FNDA:52,formatResponse
FNDA:0,(anonymous_1)
FNDA:8,userIsGoodRequest
FNDA:4,(anonymous_3)
FNDA:3,(anonymous_4)
FNDA:4,(anonymous_5)
FNDA:0,(anonymous_6)
FNDA:17,profileIsGoodRequest
FNDA:4,(anonymous_8)
FNDA:3,(anonymous_9)
FNDA:3,(anonymous_10)
FNDA:12,(anonymous_11)
FNDA:0,(anonymous_12)
FNDA:11,activityIsGoodRequest
FNDA:4,(anonymous_14)
FNDA:8,(anonymous_15)
FNDA:3,(anonymous_16)
FNDA:3,(anonymous_17)
FNDA:4,getDistanceFromLatLonInKm
FNDA:16,deg2rad
FNDA:2,isGoodSortRequest
FNDA:2,(anonymous_21)
DA:1,3
DA:2,3
DA:4,3
DA:5,3
DA:6,3
DA:8,3
DA:9,3
DA:13,52
DA:18,52
DA:26,3
DA:27,0
DA:28,0
DA:29,0
DA:33,8
DA:34,1
DA:36,7
DA:37,1
DA:39,6
DA:43,3
DA:46,4
DA:47,1
DA:50,3
DA:51,3
DA:52,3
DA:53,1
DA:59,2
DA:60,2
DA:61,2
DA:63,0
DA:66,2
DA:72,2
DA:73,2
DA:75,0
DA:77,2
DA:80,3
DA:81,3
DA:82,1
DA:85,2
DA:86,2
DA:87,1
DA:89,1
DA:93,3
DA:94,4
DA:95,1
DA:98,3
DA:99,3
DA:100,1
DA:102,2
DA:103,2
DA:104,1
DA:106,1
DA:109,0
DA:118,3
DA:119,0
DA:120,0
DA:121,0
DA:125,17
DA:126,1
DA:128,16
DA:129,2
DA:131,14
DA:132,1
DA:134,13
DA:135,2
DA:137,11
DA:138,1
DA:140,10
DA:141,1
DA:143,9
DA:144,1
DA:146,8
DA:147,1
DA:149,7
DA:150,1
DA:152,6
DA:156,3
DA:157,4
DA:158,1
DA:160,3
DA:161,3
DA:162,1
DA:164,2
DA:168,3
DA:169,3
DA:170,1
DA:172,2
DA:173,2
DA:174,1
DA:176,1
DA:179,3
DA:180,3
DA:181,1
DA:184,2
DA:185,2
DA:186,1
DA:188,1
DA:192,3
DA:194,12
DA:195,9
DA:197,3
DA:198,3
DA:199,1
DA:201,2
DA:202,2
DA:204,0
DA:206,2
DA:228,3
DA:229,0
DA:230,0
DA:231,0
DA:235,11
DA:236,1
DA:238,10
DA:239,1
DA:241,9
DA:242,0
DA:244,9
DA:245,0
DA:247,9
DA:248,0
DA:250,9
DA:251,0
DA:253,9
DA:254,0
DA:256,9
DA:257,0
DA:259,9
DA:260,0
DA:262,9
DA:263,0
DA:265,9
DA:266,0
DA:268,9
DA:269,0
DA:271,9
DA:275,3
DA:276,4
DA:277,1
DA:279,3
DA:280,3
DA:281,1
DA:283,2
DA:287,3
DA:288,8
DA:289,1
DA:291,7
DA:292,7
DA:293,1
DA:295,6
DA:296,6
DA:298,0
DA:300,6
DA:304,3
DA:305,3
DA:306,1
DA:308,2
DA:309,2
DA:310,1
DA:312,1
DA:315,3
DA:316,3
DA:317,1
DA:319,2
DA:320,2
DA:321,1
DA:323,1
DA:328,4
DA:329,4
DA:330,4
DA:332,4
DA:336,4
DA:337,4
DA:338,4
DA:342,16
DA:344,3
DA:346,2
DA:347,0
DA:348,0
DA:350,2
DA:351,1
DA:352,1
DA:354,1
DA:355,0
DA:356,0
DA:358,1
DA:359,0
DA:360,0
DA:362,1
DA:363,0
DA:364,0
DA:366,1
DA:367,0
DA:368,0
DA:370,1
DA:371,0
DA:372,0
DA:374,1
DA:375,0
DA:376,0
DA:378,1
DA:381,3
DA:382,2
DA:383,2
DA:386,2
DA:387,1
DA:389,1
DA:390,1
DA:391,1
DA:392,1
DA:393,1
DA:394,1
DA:395,1
DA:397,1
DA:398,1
DA:399,1
DA:400,4
DA:401,4
DA:403,4
DA:405,4
DA:406,4
DA:407,9
DA:408,9
DA:409,9
DA:412,4
DA:413,4
DA:416,4
DA:417,4
DA:419,4
DA:420,4
DA:421,4
DA:424,0
DA:428,4
DA:429,4
DA:430,4
DA:431,4
DA:432,4
DA:435,4
DA:436,4
DA:437,4
DA:440,4
DA:441,4
DA:442,4
DA:443,3
DA:444,3
DA:445,3
DA:446,3
DA:448,3
DA:452,1
DA:453,4
DA:454,4
DA:455,4
DA:456,4
DA:457,4
DA:460,1
DA:464,3
LF:255
LH:216
BRDA:33,0,0,1
BRDA:33,0,1,7
BRDA:36,1,0,1
BRDA:36,1,1,6
BRDA:46,2,0,1
BRDA:46,2,1,3
BRDA:52,3,0,1
BRDA:52,3,1,2
BRDA:81,4,0,1
BRDA:81,4,1,2
BRDA:86,5,0,1
BRDA:86,5,1,1
BRDA:94,6,0,1
BRDA:94,6,1,3
BRDA:99,7,0,1
BRDA:99,7,1,2
BRDA:103,8,0,1
BRDA:103,8,1,1
BRDA:125,9,0,1
BRDA:125,9,1,16
BRDA:128,10,0,2
BRDA:128,10,1,14
BRDA:131,11,0,1
BRDA:131,11,1,13
BRDA:134,12,0,2
BRDA:134,12,1,11
BRDA:137,13,0,1
BRDA:137,13,1,10
BRDA:140,14,0,1
BRDA:140,14,1,9
BRDA:143,15,0,1
BRDA:143,15,1,8
BRDA:146,16,0,1
BRDA:146,16,1,7
BRDA:149,17,0,1
BRDA:149,17,1,6
BRDA:157,18,0,1
BRDA:157,18,1,3
BRDA:161,19,0,1
BRDA:161,19,1,2
BRDA:169,20,0,1
BRDA:169,20,1,2
BRDA:173,21,0,1
BRDA:173,21,1,1
BRDA:180,22,0,1
BRDA:180,22,1,2
BRDA:185,23,0,1
BRDA:185,23,1,1
BRDA:194,24,0,9
BRDA:194,24,1,3
BRDA:198,25,0,1
BRDA:198,25,1,2
BRDA:235,26,0,1
BRDA:235,26,1,10
BRDA:238,27,0,1
BRDA:238,27,1,9
BRDA:241,28,0,0
BRDA:241,28,1,9
BRDA:244,29,0,0
BRDA:244,29,1,9
BRDA:247,30,0,0
BRDA:247,30,1,9
BRDA:250,31,0,0
BRDA:250,31,1,9
BRDA:253,32,0,0
BRDA:253,32,1,9
BRDA:256,33,0,0
BRDA:256,33,1,9
BRDA:259,34,0,0
BRDA:259,34,1,9
BRDA:262,35,0,0
BRDA:262,35,1,9
BRDA:265,36,0,0
BRDA:265,36,1,9
BRDA:268,37,0,0
BRDA:268,37,1,9
BRDA:276,38,0,1
BRDA:276,38,1,3
BRDA:280,39,0,1
BRDA:280,39,1,2
BRDA:288,40,0,1
BRDA:288,40,1,7
BRDA:292,41,0,1
BRDA:292,41,1,6
BRDA:305,42,0,1
BRDA:305,42,1,2
BRDA:309,43,0,1
BRDA:309,43,1,1
BRDA:316,44,0,1
BRDA:316,44,1,2
BRDA:320,45,0,1
BRDA:320,45,1,1
BRDA:346,46,0,0
BRDA:346,46,1,2
BRDA:350,47,0,1
BRDA:350,47,1,1
BRDA:354,48,0,0
BRDA:354,48,1,1
BRDA:358,49,0,0
BRDA:358,49,1,1
BRDA:362,50,0,0
BRDA:362,50,1,1
BRDA:366,51,0,0
BRDA:366,51,1,1
BRDA:370,52,0,0
BRDA:370,52,1,1
BRDA:374,53,0,0
BRDA:374,53,1,1
BRDA:386,54,0,1
BRDA:386,54,1,1
BRDA:408,55,0,9
BRDA:408,55,1,0
BRDA:421,56,0,0
BRDA:421,56,1,4
BRDA:429,57,0,4
BRDA:429,57,1,0
BRDA:442,58,0,3
BRDA:442,58,1,1
BRDA:444,59,0,6
BRDA:444,59,1,5
BRF:120
BRH:100
end_of_record
TN:
SF:__models__/Account.js
FNF:0
FNH:0
DA:1,3
DA:2,3
DA:4,3
DA:13,3
LF:4
LH:4
BRF:0
BRH:0
end_of_record
TN:
SF:__models__/Activity.js
FNF:0
FNH:0
DA:1,3
DA:2,3
DA:3,3
DA:17,3
LF:4
LH:4
BRF:0
BRH:0
end_of_record
TN:
SF:__models__/Profile.js
FNF:0
FNH:0
DA:1,3
DA:2,3
DA:3,3
DA:15,3
LF:4
LH:4
BRF:0
BRH:0
end_of_record
TN:
SF:__models__/models.js
FN:7,(anonymous_0)
FN:10,(anonymous_1)
FNF:2
FNH:2
FNDA:6,(anonymous_0)
FNDA:6,(anonymous_1)
DA:1,3
DA:2,3
DA:3,3
DA:4,3
DA:6,3
DA:7,3
DA:8,6
DA:10,3
DA:11,6
DA:14,3
LF:10
LH:10
BRF:0
BRH:0
end_of_record
